ARM GAS  C:\Users\VILLEL~1\AppData\Local\Temp\cczBACl5.s 			page 1


   1              		.syntax unified
   2              		.cpu cortex-m3
   3              		.fpu softvfp
   4              		.eabi_attribute 20, 1
   5              		.eabi_attribute 21, 1
   6              		.eabi_attribute 23, 3
   7              		.eabi_attribute 24, 1
   8              		.eabi_attribute 25, 1
   9              		.eabi_attribute 26, 1
  10              		.eabi_attribute 30, 1
  11              		.eabi_attribute 34, 1
  12              		.eabi_attribute 18, 4
  13              		.thumb
  14              		.file	"Custom_Motor.c"
  15              		.text
  16              	.Ltext0:
  17              		.cfi_sections	.debug_frame
  18              		.section	.text.Custom_forward,"ax",%progbits
  19              		.align	2
  20              		.global	Custom_forward
  21              		.thumb
  22              		.thumb_func
  23              		.type	Custom_forward, %function
  24              	Custom_forward:
  25              	.LFB63:
  26              		.file 1 "Custom_Motor.c"
   1:Custom_Motor.c **** #include <project.h>
   2:Custom_Motor.c **** #include <stdio.h>
   3:Custom_Motor.c **** #include "Motor.h"
   4:Custom_Motor.c **** #include "Ultra.h"
   5:Custom_Motor.c **** #include "Nunchuk.h"
   6:Custom_Motor.c **** #include "Reflectance.h"
   7:Custom_Motor.c **** #include "I2C_made.h"
   8:Custom_Motor.c **** #include "Gyro.h"
   9:Custom_Motor.c **** #include "Accel_magnet.h"
  10:Custom_Motor.c **** #include "IR.h"
  11:Custom_Motor.c **** #include "Ambient.h"
  12:Custom_Motor.c **** #include "Beep.h"
  13:Custom_Motor.c **** 
  14:Custom_Motor.c **** void Custom_forward(uint8 speed);
  15:Custom_Motor.c **** void Turn(uint32 turn, int dir_flag, float diff_ave);
  16:Custom_Motor.c **** 
  17:Custom_Motor.c **** 
  18:Custom_Motor.c **** // Custom class for defining motor movement methods.
  19:Custom_Motor.c **** 
  20:Custom_Motor.c **** // Custom 'forward' method to calibrate the forward moving direction (default motor_forward() veers
  21:Custom_Motor.c **** // to the left due to the physical differences between the two motors).
  22:Custom_Motor.c **** // NOTE: The motors should always be stopped by using the default method, because this method 
  23:Custom_Motor.c **** // will leave the left motor running if used for that purpose!
  24:Custom_Motor.c **** void Custom_forward(uint8 speed)
  25:Custom_Motor.c **** {
  27              		.loc 1 25 0
  28              		.cfi_startproc
  29              		@ args = 0, pretend = 0, frame = 0
  30              		@ frame_needed = 0, uses_anonymous_args = 0
  31              	.LVL0:
  32 0000 10B5     		push	{r4, lr}
ARM GAS  C:\Users\VILLEL~1\AppData\Local\Temp\cczBACl5.s 			page 2


  33              		.cfi_def_cfa_offset 8
  34              		.cfi_offset 4, -8
  35              		.cfi_offset 14, -4
  36 0002 0446     		mov	r4, r0
  26:Custom_Motor.c ****     MotorDirLeft_Write(0);      // set LeftMotor forward mode
  37              		.loc 1 26 0
  38 0004 0020     		movs	r0, #0
  39              	.LVL1:
  40 0006 FFF7FEFF 		bl	MotorDirLeft_Write
  41              	.LVL2:
  27:Custom_Motor.c ****     MotorDirRight_Write(0);     // set RightMotor forward mode
  42              		.loc 1 27 0
  43 000a 0020     		movs	r0, #0
  44 000c FFF7FEFF 		bl	MotorDirRight_Write
  45              	.LVL3:
  28:Custom_Motor.c ****     PWM_WriteCompare1(speed + 15); 
  46              		.loc 1 28 0
  47 0010 04F10F00 		add	r0, r4, #15
  48 0014 C0B2     		uxtb	r0, r0
  49 0016 FFF7FEFF 		bl	PWM_WriteCompare1
  50              	.LVL4:
  29:Custom_Motor.c ****     PWM_WriteCompare2(speed);
  51              		.loc 1 29 0
  52 001a 2046     		mov	r0, r4
  53 001c FFF7FEFF 		bl	PWM_WriteCompare2
  54              	.LVL5:
  55 0020 10BD     		pop	{r4, pc}
  56              		.cfi_endproc
  57              	.LFE63:
  58              		.size	Custom_forward, .-Custom_forward
  59              		.global	__aeabi_fcmpge
  60              		.global	__aeabi_fcmplt
  61              		.global	__aeabi_ui2d
  62              		.global	__aeabi_dmul
  63              		.global	__aeabi_d2uiz
  64 0022 00BF     		.section	.text.Turn,"ax",%progbits
  65              		.align	2
  66              		.global	Turn
  67              		.thumb
  68              		.thumb_func
  69              		.type	Turn, %function
  70              	Turn:
  71              	.LFB64:
  30:Custom_Motor.c **** }
  31:Custom_Motor.c **** 
  32:Custom_Motor.c **** // A new turn method that takes direction as a parameter.
  33:Custom_Motor.c **** // Also, if we're already moving towards the center of the line, turns in the opposite direction in
  34:Custom_Motor.c **** // This should accomplish what I tried to do with the 'corrective twitch' method earlier (in a much
  35:Custom_Motor.c **** void Turn(uint32 turn, int dir_flag, float blackDiff)
  36:Custom_Motor.c **** {
  72              		.loc 1 36 0
  73              		.cfi_startproc
  74              		@ args = 0, pretend = 0, frame = 0
  75              		@ frame_needed = 0, uses_anonymous_args = 0
  76              	.LVL6:
  77 0000 38B5     		push	{r3, r4, r5, lr}
  78              		.cfi_def_cfa_offset 16
ARM GAS  C:\Users\VILLEL~1\AppData\Local\Temp\cczBACl5.s 			page 3


  79              		.cfi_offset 3, -16
  80              		.cfi_offset 4, -12
  81              		.cfi_offset 5, -8
  82              		.cfi_offset 14, -4
  83 0002 0546     		mov	r5, r0
  84 0004 1446     		mov	r4, r2
  37:Custom_Motor.c ****     
  38:Custom_Motor.c ****     
  39:Custom_Motor.c ****     if (dir_flag == 1)
  85              		.loc 1 39 0
  86 0006 0129     		cmp	r1, #1
  87 0008 36D1     		bne	.L4
  40:Custom_Motor.c ****     {
  41:Custom_Motor.c ****         
  42:Custom_Motor.c ****         if (blackDiff >= -200)
  88              		.loc 1 42 0
  89 000a 1046     		mov	r0, r2
  90              	.LVL7:
  91 000c 3749     		ldr	r1, .L29
  92              	.LVL8:
  93 000e FFF7FEFF 		bl	__aeabi_fcmpge
  94              	.LVL9:
  95 0012 40B1     		cbz	r0, .L26
  43:Custom_Motor.c ****         {
  44:Custom_Motor.c ****             PWM_WriteCompare2(240 - turn);
  96              		.loc 1 44 0
  97 0014 C5F1F000 		rsb	r0, r5, #240
  98 0018 C0B2     		uxtb	r0, r0
  99 001a FFF7FEFF 		bl	PWM_WriteCompare2
 100              	.LVL10:
  45:Custom_Motor.c ****             PWM_WriteCompare1(255);
 101              		.loc 1 45 0
 102 001e FF20     		movs	r0, #255
 103 0020 FFF7FEFF 		bl	PWM_WriteCompare1
 104              	.LVL11:
 105 0024 38BD     		pop	{r3, r4, r5, pc}
 106              	.LVL12:
 107              	.L26:
  46:Custom_Motor.c ****             
  47:Custom_Motor.c ****         } else if (blackDiff < -200 && blackDiff >= -600) {
 108              		.loc 1 47 0
 109 0026 2046     		mov	r0, r4
 110 0028 3049     		ldr	r1, .L29
 111 002a FFF7FEFF 		bl	__aeabi_fcmplt
 112              	.LVL13:
 113 002e A8B1     		cbz	r0, .L8
 114              		.loc 1 47 0 is_stmt 0 discriminator 1
 115 0030 2046     		mov	r0, r4
 116 0032 2F49     		ldr	r1, .L29+4
 117 0034 FFF7FEFF 		bl	__aeabi_fcmpge
 118              	.LVL14:
 119 0038 80B1     		cbz	r0, .L8
  48:Custom_Motor.c ****             
  49:Custom_Motor.c ****             turn *= 0.5;
 120              		.loc 1 49 0 is_stmt 1
 121 003a 2846     		mov	r0, r5
 122 003c FFF7FEFF 		bl	__aeabi_ui2d
ARM GAS  C:\Users\VILLEL~1\AppData\Local\Temp\cczBACl5.s 			page 4


 123              	.LVL15:
 124 0040 0022     		movs	r2, #0
 125 0042 2C4B     		ldr	r3, .L29+8
 126 0044 FFF7FEFF 		bl	__aeabi_dmul
 127              	.LVL16:
 128 0048 FFF7FEFF 		bl	__aeabi_d2uiz
 129              	.LVL17:
  50:Custom_Motor.c ****             PWM_WriteCompare1( 255 - turn ); // turn is less steep if diff_ave >= -300
 130              		.loc 1 50 0
 131 004c C043     		mvns	r0, r0
 132              	.LVL18:
 133 004e C0B2     		uxtb	r0, r0
 134              	.LVL19:
 135 0050 FFF7FEFF 		bl	PWM_WriteCompare1
 136              	.LVL20:
  51:Custom_Motor.c ****             PWM_WriteCompare2(240);
 137              		.loc 1 51 0
 138 0054 F020     		movs	r0, #240
 139 0056 FFF7FEFF 		bl	PWM_WriteCompare2
 140              	.LVL21:
 141 005a 38BD     		pop	{r3, r4, r5, pc}
 142              	.LVL22:
 143              	.L8:
  52:Custom_Motor.c ****         
  53:Custom_Motor.c ****         } else if (blackDiff < -600) {
 144              		.loc 1 53 0
 145 005c 2046     		mov	r0, r4
 146 005e 2449     		ldr	r1, .L29+4
 147 0060 FFF7FEFF 		bl	__aeabi_fcmplt
 148              	.LVL23:
 149 0064 0028     		cmp	r0, #0
 150 0066 3FD0     		beq	.L3
  54:Custom_Motor.c ****         
  55:Custom_Motor.c ****             PWM_WriteCompare1(255 - turn); 
 151              		.loc 1 55 0
 152 0068 E843     		mvns	r0, r5
 153 006a C0B2     		uxtb	r0, r0
 154 006c FFF7FEFF 		bl	PWM_WriteCompare1
 155              	.LVL24:
  56:Custom_Motor.c ****             PWM_WriteCompare2(240);
 156              		.loc 1 56 0
 157 0070 F020     		movs	r0, #240
 158 0072 FFF7FEFF 		bl	PWM_WriteCompare2
 159              	.LVL25:
 160 0076 38BD     		pop	{r3, r4, r5, pc}
 161              	.LVL26:
 162              	.L4:
  57:Custom_Motor.c ****         }
  58:Custom_Motor.c **** 
  59:Custom_Motor.c ****     } else if (dir_flag == 2) {
 163              		.loc 1 59 0
 164 0078 0229     		cmp	r1, #2
 165 007a 35D1     		bne	.L3
  60:Custom_Motor.c ****     
  61:Custom_Motor.c ****         if (blackDiff >= -200)
 166              		.loc 1 61 0
 167 007c 1046     		mov	r0, r2
ARM GAS  C:\Users\VILLEL~1\AppData\Local\Temp\cczBACl5.s 			page 5


 168              	.LVL27:
 169 007e 1B49     		ldr	r1, .L29
 170              	.LVL28:
 171 0080 FFF7FEFF 		bl	__aeabi_fcmpge
 172              	.LVL29:
 173 0084 38B1     		cbz	r0, .L27
  62:Custom_Motor.c ****         {
  63:Custom_Motor.c ****             PWM_WriteCompare1(255 - turn);
 174              		.loc 1 63 0
 175 0086 E843     		mvns	r0, r5
 176 0088 C0B2     		uxtb	r0, r0
 177 008a FFF7FEFF 		bl	PWM_WriteCompare1
 178              	.LVL30:
  64:Custom_Motor.c ****             PWM_WriteCompare2(240);
 179              		.loc 1 64 0
 180 008e F020     		movs	r0, #240
 181 0090 FFF7FEFF 		bl	PWM_WriteCompare2
 182              	.LVL31:
 183 0094 38BD     		pop	{r3, r4, r5, pc}
 184              	.LVL32:
 185              	.L27:
  65:Custom_Motor.c ****             
  66:Custom_Motor.c ****         } else if (blackDiff < -200 && blackDiff >= -600) {
 186              		.loc 1 66 0
 187 0096 2046     		mov	r0, r4
 188 0098 1449     		ldr	r1, .L29
 189 009a FFF7FEFF 		bl	__aeabi_fcmplt
 190              	.LVL33:
 191 009e B0B1     		cbz	r0, .L14
 192              		.loc 1 66 0 is_stmt 0 discriminator 1
 193 00a0 2046     		mov	r0, r4
 194 00a2 1349     		ldr	r1, .L29+4
 195 00a4 FFF7FEFF 		bl	__aeabi_fcmpge
 196              	.LVL34:
 197 00a8 88B1     		cbz	r0, .L14
  67:Custom_Motor.c ****             
  68:Custom_Motor.c ****             
  69:Custom_Motor.c ****             turn *= 0.5;
 198              		.loc 1 69 0 is_stmt 1
 199 00aa 2846     		mov	r0, r5
 200 00ac FFF7FEFF 		bl	__aeabi_ui2d
 201              	.LVL35:
 202 00b0 0022     		movs	r2, #0
 203 00b2 104B     		ldr	r3, .L29+8
 204 00b4 FFF7FEFF 		bl	__aeabi_dmul
 205              	.LVL36:
 206 00b8 FFF7FEFF 		bl	__aeabi_d2uiz
 207              	.LVL37:
  70:Custom_Motor.c ****             PWM_WriteCompare2( 240 - turn ); // turn is less steep if diff_ave >= -300
 208              		.loc 1 70 0
 209 00bc C0F1F000 		rsb	r0, r0, #240
 210              	.LVL38:
 211 00c0 C0B2     		uxtb	r0, r0
 212 00c2 FFF7FEFF 		bl	PWM_WriteCompare2
 213              	.LVL39:
  71:Custom_Motor.c ****             PWM_WriteCompare1(255);
 214              		.loc 1 71 0
ARM GAS  C:\Users\VILLEL~1\AppData\Local\Temp\cczBACl5.s 			page 6


 215 00c6 FF20     		movs	r0, #255
 216 00c8 FFF7FEFF 		bl	PWM_WriteCompare1
 217              	.LVL40:
 218 00cc 38BD     		pop	{r3, r4, r5, pc}
 219              	.LVL41:
 220              	.L14:
  72:Custom_Motor.c ****         
  73:Custom_Motor.c ****         } else if (blackDiff < -600) {            
 221              		.loc 1 73 0
 222 00ce 2046     		mov	r0, r4
 223 00d0 0749     		ldr	r1, .L29+4
 224 00d2 FFF7FEFF 		bl	__aeabi_fcmplt
 225              	.LVL42:
 226 00d6 38B1     		cbz	r0, .L3
  74:Custom_Motor.c ****             
  75:Custom_Motor.c ****             PWM_WriteCompare2( 240 - turn ); 
 227              		.loc 1 75 0
 228 00d8 C5F1F000 		rsb	r0, r5, #240
 229 00dc C0B2     		uxtb	r0, r0
 230 00de FFF7FEFF 		bl	PWM_WriteCompare2
 231              	.LVL43:
  76:Custom_Motor.c ****             PWM_WriteCompare1(255);
 232              		.loc 1 76 0
 233 00e2 FF20     		movs	r0, #255
 234 00e4 FFF7FEFF 		bl	PWM_WriteCompare1
 235              	.LVL44:
 236              	.L3:
 237 00e8 38BD     		pop	{r3, r4, r5, pc}
 238              	.LVL45:
 239              	.L30:
 240 00ea 00BF     		.align	2
 241              	.L29:
 242 00ec 000048C3 		.word	-1018691584
 243 00f0 000016C4 		.word	-1005191168
 244 00f4 0000E03F 		.word	1071644672
 245              		.cfi_endproc
 246              	.LFE64:
 247              		.size	Turn, .-Turn
 248              		.text
 249              	.Letext0:
 250              		.file 2 "c:\\program files (x86)\\cypress\\psoc creator\\4.0\\psoc creator\\import\\gnu\\arm\\4.9.
 251              		.file 3 "c:\\program files (x86)\\cypress\\psoc creator\\4.0\\psoc creator\\import\\gnu\\arm\\4.9.
 252              		.file 4 "Generated_Source\\PSoC5/cytypes.h"
 253              		.file 5 "Generated_Source\\PSoC5/MotorDirLeft.h"
 254              		.file 6 "Generated_Source\\PSoC5/MotorDirRight.h"
 255              		.file 7 "Generated_Source\\PSoC5/PWM.h"
 256              		.file 8 "Generated_Source\\PSoC5/core_cm3.h"
 257              		.section	.debug_info,"",%progbits
 258              	.Ldebug_info0:
 259 0000 9A020000 		.4byte	0x29a
 260 0004 0400     		.2byte	0x4
 261 0006 00000000 		.4byte	.Ldebug_abbrev0
 262 000a 04       		.byte	0x4
 263 000b 01       		.uleb128 0x1
 264 000c DC000000 		.4byte	.LASF27
 265 0010 01       		.byte	0x1
 266 0011 77010000 		.4byte	.LASF28
ARM GAS  C:\Users\VILLEL~1\AppData\Local\Temp\cczBACl5.s 			page 7


 267 0015 8F000000 		.4byte	.LASF29
 268 0019 00000000 		.4byte	.Ldebug_ranges0+0
 269 001d 00000000 		.4byte	0
 270 0021 00000000 		.4byte	.Ldebug_line0
 271 0025 02       		.uleb128 0x2
 272 0026 04       		.byte	0x4
 273 0027 04       		.byte	0x4
 274 0028 42000000 		.4byte	.LASF0
 275 002c 02       		.uleb128 0x2
 276 002d 01       		.byte	0x1
 277 002e 06       		.byte	0x6
 278 002f 26020000 		.4byte	.LASF1
 279 0033 02       		.uleb128 0x2
 280 0034 01       		.byte	0x1
 281 0035 08       		.byte	0x8
 282 0036 48000000 		.4byte	.LASF2
 283 003a 02       		.uleb128 0x2
 284 003b 02       		.byte	0x2
 285 003c 05       		.byte	0x5
 286 003d ED010000 		.4byte	.LASF3
 287 0041 02       		.uleb128 0x2
 288 0042 02       		.byte	0x2
 289 0043 07       		.byte	0x7
 290 0044 13000000 		.4byte	.LASF4
 291 0048 03       		.uleb128 0x3
 292 0049 00000000 		.4byte	.LASF10
 293 004d 02       		.byte	0x2
 294 004e 3F       		.byte	0x3f
 295 004f 53000000 		.4byte	0x53
 296 0053 02       		.uleb128 0x2
 297 0054 04       		.byte	0x4
 298 0055 05       		.byte	0x5
 299 0056 02020000 		.4byte	.LASF5
 300 005a 02       		.uleb128 0x2
 301 005b 04       		.byte	0x4
 302 005c 07       		.byte	0x7
 303 005d 56000000 		.4byte	.LASF6
 304 0061 02       		.uleb128 0x2
 305 0062 08       		.byte	0x8
 306 0063 05       		.byte	0x5
 307 0064 DA010000 		.4byte	.LASF7
 308 0068 02       		.uleb128 0x2
 309 0069 08       		.byte	0x8
 310 006a 07       		.byte	0x7
 311 006b 86010000 		.4byte	.LASF8
 312 006f 04       		.uleb128 0x4
 313 0070 04       		.byte	0x4
 314 0071 05       		.byte	0x5
 315 0072 696E7400 		.ascii	"int\000"
 316 0076 02       		.uleb128 0x2
 317 0077 04       		.byte	0x4
 318 0078 07       		.byte	0x7
 319 0079 6A010000 		.4byte	.LASF9
 320 007d 03       		.uleb128 0x3
 321 007e 3A000000 		.4byte	.LASF11
 322 0082 03       		.byte	0x3
 323 0083 2C       		.byte	0x2c
ARM GAS  C:\Users\VILLEL~1\AppData\Local\Temp\cczBACl5.s 			page 8


 324 0084 48000000 		.4byte	0x48
 325 0088 05       		.uleb128 0x5
 326 0089 F7010000 		.4byte	.LASF12
 327 008d 04       		.byte	0x4
 328 008e 9201     		.2byte	0x192
 329 0090 33000000 		.4byte	0x33
 330 0094 05       		.uleb128 0x5
 331 0095 D5000000 		.4byte	.LASF13
 332 0099 04       		.byte	0x4
 333 009a 9401     		.2byte	0x194
 334 009c 5A000000 		.4byte	0x5a
 335 00a0 02       		.uleb128 0x2
 336 00a1 08       		.byte	0x8
 337 00a2 04       		.byte	0x4
 338 00a3 88000000 		.4byte	.LASF14
 339 00a7 02       		.uleb128 0x2
 340 00a8 01       		.byte	0x1
 341 00a9 08       		.byte	0x8
 342 00aa E8010000 		.4byte	.LASF15
 343 00ae 02       		.uleb128 0x2
 344 00af 04       		.byte	0x4
 345 00b0 07       		.byte	0x7
 346 00b1 D1010000 		.4byte	.LASF16
 347 00b5 02       		.uleb128 0x2
 348 00b6 08       		.byte	0x8
 349 00b7 04       		.byte	0x4
 350 00b8 0B020000 		.4byte	.LASF17
 351 00bc 06       		.uleb128 0x6
 352 00bd 17020000 		.4byte	.LASF18
 353 00c1 01       		.byte	0x1
 354 00c2 18       		.byte	0x18
 355 00c3 00000000 		.4byte	.LFB63
 356 00c7 22000000 		.4byte	.LFE63-.LFB63
 357 00cb 01       		.uleb128 0x1
 358 00cc 9C       		.byte	0x9c
 359 00cd 2B010000 		.4byte	0x12b
 360 00d1 07       		.uleb128 0x7
 361 00d2 CB010000 		.4byte	.LASF20
 362 00d6 01       		.byte	0x1
 363 00d7 18       		.byte	0x18
 364 00d8 88000000 		.4byte	0x88
 365 00dc 00000000 		.4byte	.LLST0
 366 00e0 08       		.uleb128 0x8
 367 00e1 0A000000 		.4byte	.LVL2
 368 00e5 5D020000 		.4byte	0x25d
 369 00e9 F3000000 		.4byte	0xf3
 370 00ed 09       		.uleb128 0x9
 371 00ee 01       		.uleb128 0x1
 372 00ef 50       		.byte	0x50
 373 00f0 01       		.uleb128 0x1
 374 00f1 30       		.byte	0x30
 375 00f2 00       		.byte	0
 376 00f3 08       		.uleb128 0x8
 377 00f4 10000000 		.4byte	.LVL3
 378 00f8 6E020000 		.4byte	0x26e
 379 00fc 06010000 		.4byte	0x106
 380 0100 09       		.uleb128 0x9
ARM GAS  C:\Users\VILLEL~1\AppData\Local\Temp\cczBACl5.s 			page 9


 381 0101 01       		.uleb128 0x1
 382 0102 50       		.byte	0x50
 383 0103 01       		.uleb128 0x1
 384 0104 30       		.byte	0x30
 385 0105 00       		.byte	0
 386 0106 08       		.uleb128 0x8
 387 0107 1A000000 		.4byte	.LVL4
 388 010b 7F020000 		.4byte	0x27f
 389 010f 1A010000 		.4byte	0x11a
 390 0113 09       		.uleb128 0x9
 391 0114 01       		.uleb128 0x1
 392 0115 50       		.byte	0x50
 393 0116 02       		.uleb128 0x2
 394 0117 74       		.byte	0x74
 395 0118 0F       		.sleb128 15
 396 0119 00       		.byte	0
 397 011a 0A       		.uleb128 0xa
 398 011b 20000000 		.4byte	.LVL5
 399 011f 90020000 		.4byte	0x290
 400 0123 09       		.uleb128 0x9
 401 0124 01       		.uleb128 0x1
 402 0125 50       		.byte	0x50
 403 0126 02       		.uleb128 0x2
 404 0127 74       		.byte	0x74
 405 0128 00       		.sleb128 0
 406 0129 00       		.byte	0
 407 012a 00       		.byte	0
 408 012b 0B       		.uleb128 0xb
 409 012c FD010000 		.4byte	.LASF19
 410 0130 01       		.byte	0x1
 411 0131 23       		.byte	0x23
 412 0132 00000000 		.4byte	.LFB64
 413 0136 F8000000 		.4byte	.LFE64-.LFB64
 414 013a 01       		.uleb128 0x1
 415 013b 9C       		.byte	0x9c
 416 013c 4C020000 		.4byte	0x24c
 417 0140 07       		.uleb128 0x7
 418 0141 D0000000 		.4byte	.LASF21
 419 0145 01       		.byte	0x1
 420 0146 23       		.byte	0x23
 421 0147 94000000 		.4byte	0x94
 422 014b 21000000 		.4byte	.LLST1
 423 014f 07       		.uleb128 0x7
 424 0150 0A000000 		.4byte	.LASF22
 425 0154 01       		.byte	0x1
 426 0155 23       		.byte	0x23
 427 0156 6F000000 		.4byte	0x6f
 428 015a 9D000000 		.4byte	.LLST2
 429 015e 07       		.uleb128 0x7
 430 015f C1010000 		.4byte	.LASF23
 431 0163 01       		.byte	0x1
 432 0164 23       		.byte	0x23
 433 0165 25000000 		.4byte	0x25
 434 0169 D7000000 		.4byte	.LLST3
 435 016d 08       		.uleb128 0x8
 436 016e 1E000000 		.4byte	.LVL10
 437 0172 90020000 		.4byte	0x290
ARM GAS  C:\Users\VILLEL~1\AppData\Local\Temp\cczBACl5.s 			page 10


 438 0176 84010000 		.4byte	0x184
 439 017a 09       		.uleb128 0x9
 440 017b 01       		.uleb128 0x1
 441 017c 50       		.byte	0x50
 442 017d 05       		.uleb128 0x5
 443 017e 08       		.byte	0x8
 444 017f F0       		.byte	0xf0
 445 0180 75       		.byte	0x75
 446 0181 00       		.sleb128 0
 447 0182 1C       		.byte	0x1c
 448 0183 00       		.byte	0
 449 0184 08       		.uleb128 0x8
 450 0185 24000000 		.4byte	.LVL11
 451 0189 7F020000 		.4byte	0x27f
 452 018d 98010000 		.4byte	0x198
 453 0191 09       		.uleb128 0x9
 454 0192 01       		.uleb128 0x1
 455 0193 50       		.byte	0x50
 456 0194 02       		.uleb128 0x2
 457 0195 09       		.byte	0x9
 458 0196 FF       		.byte	0xff
 459 0197 00       		.byte	0
 460 0198 0C       		.uleb128 0xc
 461 0199 54000000 		.4byte	.LVL20
 462 019d 7F020000 		.4byte	0x27f
 463 01a1 08       		.uleb128 0x8
 464 01a2 5A000000 		.4byte	.LVL21
 465 01a6 90020000 		.4byte	0x290
 466 01aa B5010000 		.4byte	0x1b5
 467 01ae 09       		.uleb128 0x9
 468 01af 01       		.uleb128 0x1
 469 01b0 50       		.byte	0x50
 470 01b1 02       		.uleb128 0x2
 471 01b2 09       		.byte	0x9
 472 01b3 F0       		.byte	0xf0
 473 01b4 00       		.byte	0
 474 01b5 08       		.uleb128 0x8
 475 01b6 70000000 		.4byte	.LVL24
 476 01ba 7F020000 		.4byte	0x27f
 477 01be CA010000 		.4byte	0x1ca
 478 01c2 09       		.uleb128 0x9
 479 01c3 01       		.uleb128 0x1
 480 01c4 50       		.byte	0x50
 481 01c5 03       		.uleb128 0x3
 482 01c6 75       		.byte	0x75
 483 01c7 00       		.sleb128 0
 484 01c8 20       		.byte	0x20
 485 01c9 00       		.byte	0
 486 01ca 08       		.uleb128 0x8
 487 01cb 76000000 		.4byte	.LVL25
 488 01cf 90020000 		.4byte	0x290
 489 01d3 DE010000 		.4byte	0x1de
 490 01d7 09       		.uleb128 0x9
 491 01d8 01       		.uleb128 0x1
 492 01d9 50       		.byte	0x50
 493 01da 02       		.uleb128 0x2
 494 01db 09       		.byte	0x9
ARM GAS  C:\Users\VILLEL~1\AppData\Local\Temp\cczBACl5.s 			page 11


 495 01dc F0       		.byte	0xf0
 496 01dd 00       		.byte	0
 497 01de 08       		.uleb128 0x8
 498 01df 8E000000 		.4byte	.LVL30
 499 01e3 7F020000 		.4byte	0x27f
 500 01e7 F3010000 		.4byte	0x1f3
 501 01eb 09       		.uleb128 0x9
 502 01ec 01       		.uleb128 0x1
 503 01ed 50       		.byte	0x50
 504 01ee 03       		.uleb128 0x3
 505 01ef 75       		.byte	0x75
 506 01f0 00       		.sleb128 0
 507 01f1 20       		.byte	0x20
 508 01f2 00       		.byte	0
 509 01f3 08       		.uleb128 0x8
 510 01f4 94000000 		.4byte	.LVL31
 511 01f8 90020000 		.4byte	0x290
 512 01fc 07020000 		.4byte	0x207
 513 0200 09       		.uleb128 0x9
 514 0201 01       		.uleb128 0x1
 515 0202 50       		.byte	0x50
 516 0203 02       		.uleb128 0x2
 517 0204 09       		.byte	0x9
 518 0205 F0       		.byte	0xf0
 519 0206 00       		.byte	0
 520 0207 0C       		.uleb128 0xc
 521 0208 C6000000 		.4byte	.LVL39
 522 020c 90020000 		.4byte	0x290
 523 0210 08       		.uleb128 0x8
 524 0211 CC000000 		.4byte	.LVL40
 525 0215 7F020000 		.4byte	0x27f
 526 0219 24020000 		.4byte	0x224
 527 021d 09       		.uleb128 0x9
 528 021e 01       		.uleb128 0x1
 529 021f 50       		.byte	0x50
 530 0220 02       		.uleb128 0x2
 531 0221 09       		.byte	0x9
 532 0222 FF       		.byte	0xff
 533 0223 00       		.byte	0
 534 0224 08       		.uleb128 0x8
 535 0225 E2000000 		.4byte	.LVL43
 536 0229 90020000 		.4byte	0x290
 537 022d 3B020000 		.4byte	0x23b
 538 0231 09       		.uleb128 0x9
 539 0232 01       		.uleb128 0x1
 540 0233 50       		.byte	0x50
 541 0234 05       		.uleb128 0x5
 542 0235 08       		.byte	0x8
 543 0236 F0       		.byte	0xf0
 544 0237 75       		.byte	0x75
 545 0238 00       		.sleb128 0
 546 0239 1C       		.byte	0x1c
 547 023a 00       		.byte	0
 548 023b 0A       		.uleb128 0xa
 549 023c E8000000 		.4byte	.LVL44
 550 0240 7F020000 		.4byte	0x27f
 551 0244 09       		.uleb128 0x9
ARM GAS  C:\Users\VILLEL~1\AppData\Local\Temp\cczBACl5.s 			page 12


 552 0245 01       		.uleb128 0x1
 553 0246 50       		.byte	0x50
 554 0247 02       		.uleb128 0x2
 555 0248 09       		.byte	0x9
 556 0249 FF       		.byte	0xff
 557 024a 00       		.byte	0
 558 024b 00       		.byte	0
 559 024c 0D       		.uleb128 0xd
 560 024d 7B000000 		.4byte	.LASF30
 561 0251 08       		.byte	0x8
 562 0252 9606     		.2byte	0x696
 563 0254 58020000 		.4byte	0x258
 564 0258 0E       		.uleb128 0xe
 565 0259 7D000000 		.4byte	0x7d
 566 025d 0F       		.uleb128 0xf
 567 025e 68000000 		.4byte	.LASF24
 568 0262 05       		.byte	0x5
 569 0263 26       		.byte	0x26
 570 0264 6E020000 		.4byte	0x26e
 571 0268 10       		.uleb128 0x10
 572 0269 88000000 		.4byte	0x88
 573 026d 00       		.byte	0
 574 026e 0F       		.uleb128 0xf
 575 026f 26000000 		.4byte	.LASF25
 576 0273 06       		.byte	0x6
 577 0274 26       		.byte	0x26
 578 0275 7F020000 		.4byte	0x27f
 579 0279 10       		.uleb128 0x10
 580 027a 88000000 		.4byte	0x88
 581 027e 00       		.byte	0
 582 027f 0F       		.uleb128 0xf
 583 0280 9D010000 		.4byte	.LASF26
 584 0284 07       		.byte	0x7
 585 0285 C7       		.byte	0xc7
 586 0286 90020000 		.4byte	0x290
 587 028a 10       		.uleb128 0x10
 588 028b 88000000 		.4byte	0x88
 589 028f 00       		.byte	0
 590 0290 11       		.uleb128 0x11
 591 0291 AF010000 		.4byte	.LASF31
 592 0295 07       		.byte	0x7
 593 0296 CA       		.byte	0xca
 594 0297 10       		.uleb128 0x10
 595 0298 88000000 		.4byte	0x88
 596 029c 00       		.byte	0
 597 029d 00       		.byte	0
 598              		.section	.debug_abbrev,"",%progbits
 599              	.Ldebug_abbrev0:
 600 0000 01       		.uleb128 0x1
 601 0001 11       		.uleb128 0x11
 602 0002 01       		.byte	0x1
 603 0003 25       		.uleb128 0x25
 604 0004 0E       		.uleb128 0xe
 605 0005 13       		.uleb128 0x13
 606 0006 0B       		.uleb128 0xb
 607 0007 03       		.uleb128 0x3
 608 0008 0E       		.uleb128 0xe
ARM GAS  C:\Users\VILLEL~1\AppData\Local\Temp\cczBACl5.s 			page 13


 609 0009 1B       		.uleb128 0x1b
 610 000a 0E       		.uleb128 0xe
 611 000b 55       		.uleb128 0x55
 612 000c 17       		.uleb128 0x17
 613 000d 11       		.uleb128 0x11
 614 000e 01       		.uleb128 0x1
 615 000f 10       		.uleb128 0x10
 616 0010 17       		.uleb128 0x17
 617 0011 00       		.byte	0
 618 0012 00       		.byte	0
 619 0013 02       		.uleb128 0x2
 620 0014 24       		.uleb128 0x24
 621 0015 00       		.byte	0
 622 0016 0B       		.uleb128 0xb
 623 0017 0B       		.uleb128 0xb
 624 0018 3E       		.uleb128 0x3e
 625 0019 0B       		.uleb128 0xb
 626 001a 03       		.uleb128 0x3
 627 001b 0E       		.uleb128 0xe
 628 001c 00       		.byte	0
 629 001d 00       		.byte	0
 630 001e 03       		.uleb128 0x3
 631 001f 16       		.uleb128 0x16
 632 0020 00       		.byte	0
 633 0021 03       		.uleb128 0x3
 634 0022 0E       		.uleb128 0xe
 635 0023 3A       		.uleb128 0x3a
 636 0024 0B       		.uleb128 0xb
 637 0025 3B       		.uleb128 0x3b
 638 0026 0B       		.uleb128 0xb
 639 0027 49       		.uleb128 0x49
 640 0028 13       		.uleb128 0x13
 641 0029 00       		.byte	0
 642 002a 00       		.byte	0
 643 002b 04       		.uleb128 0x4
 644 002c 24       		.uleb128 0x24
 645 002d 00       		.byte	0
 646 002e 0B       		.uleb128 0xb
 647 002f 0B       		.uleb128 0xb
 648 0030 3E       		.uleb128 0x3e
 649 0031 0B       		.uleb128 0xb
 650 0032 03       		.uleb128 0x3
 651 0033 08       		.uleb128 0x8
 652 0034 00       		.byte	0
 653 0035 00       		.byte	0
 654 0036 05       		.uleb128 0x5
 655 0037 16       		.uleb128 0x16
 656 0038 00       		.byte	0
 657 0039 03       		.uleb128 0x3
 658 003a 0E       		.uleb128 0xe
 659 003b 3A       		.uleb128 0x3a
 660 003c 0B       		.uleb128 0xb
 661 003d 3B       		.uleb128 0x3b
 662 003e 05       		.uleb128 0x5
 663 003f 49       		.uleb128 0x49
 664 0040 13       		.uleb128 0x13
 665 0041 00       		.byte	0
ARM GAS  C:\Users\VILLEL~1\AppData\Local\Temp\cczBACl5.s 			page 14


 666 0042 00       		.byte	0
 667 0043 06       		.uleb128 0x6
 668 0044 2E       		.uleb128 0x2e
 669 0045 01       		.byte	0x1
 670 0046 3F       		.uleb128 0x3f
 671 0047 19       		.uleb128 0x19
 672 0048 03       		.uleb128 0x3
 673 0049 0E       		.uleb128 0xe
 674 004a 3A       		.uleb128 0x3a
 675 004b 0B       		.uleb128 0xb
 676 004c 3B       		.uleb128 0x3b
 677 004d 0B       		.uleb128 0xb
 678 004e 27       		.uleb128 0x27
 679 004f 19       		.uleb128 0x19
 680 0050 11       		.uleb128 0x11
 681 0051 01       		.uleb128 0x1
 682 0052 12       		.uleb128 0x12
 683 0053 06       		.uleb128 0x6
 684 0054 40       		.uleb128 0x40
 685 0055 18       		.uleb128 0x18
 686 0056 9742     		.uleb128 0x2117
 687 0058 19       		.uleb128 0x19
 688 0059 01       		.uleb128 0x1
 689 005a 13       		.uleb128 0x13
 690 005b 00       		.byte	0
 691 005c 00       		.byte	0
 692 005d 07       		.uleb128 0x7
 693 005e 05       		.uleb128 0x5
 694 005f 00       		.byte	0
 695 0060 03       		.uleb128 0x3
 696 0061 0E       		.uleb128 0xe
 697 0062 3A       		.uleb128 0x3a
 698 0063 0B       		.uleb128 0xb
 699 0064 3B       		.uleb128 0x3b
 700 0065 0B       		.uleb128 0xb
 701 0066 49       		.uleb128 0x49
 702 0067 13       		.uleb128 0x13
 703 0068 02       		.uleb128 0x2
 704 0069 17       		.uleb128 0x17
 705 006a 00       		.byte	0
 706 006b 00       		.byte	0
 707 006c 08       		.uleb128 0x8
 708 006d 898201   		.uleb128 0x4109
 709 0070 01       		.byte	0x1
 710 0071 11       		.uleb128 0x11
 711 0072 01       		.uleb128 0x1
 712 0073 31       		.uleb128 0x31
 713 0074 13       		.uleb128 0x13
 714 0075 01       		.uleb128 0x1
 715 0076 13       		.uleb128 0x13
 716 0077 00       		.byte	0
 717 0078 00       		.byte	0
 718 0079 09       		.uleb128 0x9
 719 007a 8A8201   		.uleb128 0x410a
 720 007d 00       		.byte	0
 721 007e 02       		.uleb128 0x2
 722 007f 18       		.uleb128 0x18
ARM GAS  C:\Users\VILLEL~1\AppData\Local\Temp\cczBACl5.s 			page 15


 723 0080 9142     		.uleb128 0x2111
 724 0082 18       		.uleb128 0x18
 725 0083 00       		.byte	0
 726 0084 00       		.byte	0
 727 0085 0A       		.uleb128 0xa
 728 0086 898201   		.uleb128 0x4109
 729 0089 01       		.byte	0x1
 730 008a 11       		.uleb128 0x11
 731 008b 01       		.uleb128 0x1
 732 008c 31       		.uleb128 0x31
 733 008d 13       		.uleb128 0x13
 734 008e 00       		.byte	0
 735 008f 00       		.byte	0
 736 0090 0B       		.uleb128 0xb
 737 0091 2E       		.uleb128 0x2e
 738 0092 01       		.byte	0x1
 739 0093 3F       		.uleb128 0x3f
 740 0094 19       		.uleb128 0x19
 741 0095 03       		.uleb128 0x3
 742 0096 0E       		.uleb128 0xe
 743 0097 3A       		.uleb128 0x3a
 744 0098 0B       		.uleb128 0xb
 745 0099 3B       		.uleb128 0x3b
 746 009a 0B       		.uleb128 0xb
 747 009b 27       		.uleb128 0x27
 748 009c 19       		.uleb128 0x19
 749 009d 11       		.uleb128 0x11
 750 009e 01       		.uleb128 0x1
 751 009f 12       		.uleb128 0x12
 752 00a0 06       		.uleb128 0x6
 753 00a1 40       		.uleb128 0x40
 754 00a2 18       		.uleb128 0x18
 755 00a3 9642     		.uleb128 0x2116
 756 00a5 19       		.uleb128 0x19
 757 00a6 01       		.uleb128 0x1
 758 00a7 13       		.uleb128 0x13
 759 00a8 00       		.byte	0
 760 00a9 00       		.byte	0
 761 00aa 0C       		.uleb128 0xc
 762 00ab 898201   		.uleb128 0x4109
 763 00ae 00       		.byte	0
 764 00af 11       		.uleb128 0x11
 765 00b0 01       		.uleb128 0x1
 766 00b1 31       		.uleb128 0x31
 767 00b2 13       		.uleb128 0x13
 768 00b3 00       		.byte	0
 769 00b4 00       		.byte	0
 770 00b5 0D       		.uleb128 0xd
 771 00b6 34       		.uleb128 0x34
 772 00b7 00       		.byte	0
 773 00b8 03       		.uleb128 0x3
 774 00b9 0E       		.uleb128 0xe
 775 00ba 3A       		.uleb128 0x3a
 776 00bb 0B       		.uleb128 0xb
 777 00bc 3B       		.uleb128 0x3b
 778 00bd 05       		.uleb128 0x5
 779 00be 49       		.uleb128 0x49
ARM GAS  C:\Users\VILLEL~1\AppData\Local\Temp\cczBACl5.s 			page 16


 780 00bf 13       		.uleb128 0x13
 781 00c0 3F       		.uleb128 0x3f
 782 00c1 19       		.uleb128 0x19
 783 00c2 3C       		.uleb128 0x3c
 784 00c3 19       		.uleb128 0x19
 785 00c4 00       		.byte	0
 786 00c5 00       		.byte	0
 787 00c6 0E       		.uleb128 0xe
 788 00c7 35       		.uleb128 0x35
 789 00c8 00       		.byte	0
 790 00c9 49       		.uleb128 0x49
 791 00ca 13       		.uleb128 0x13
 792 00cb 00       		.byte	0
 793 00cc 00       		.byte	0
 794 00cd 0F       		.uleb128 0xf
 795 00ce 2E       		.uleb128 0x2e
 796 00cf 01       		.byte	0x1
 797 00d0 3F       		.uleb128 0x3f
 798 00d1 19       		.uleb128 0x19
 799 00d2 03       		.uleb128 0x3
 800 00d3 0E       		.uleb128 0xe
 801 00d4 3A       		.uleb128 0x3a
 802 00d5 0B       		.uleb128 0xb
 803 00d6 3B       		.uleb128 0x3b
 804 00d7 0B       		.uleb128 0xb
 805 00d8 27       		.uleb128 0x27
 806 00d9 19       		.uleb128 0x19
 807 00da 3C       		.uleb128 0x3c
 808 00db 19       		.uleb128 0x19
 809 00dc 01       		.uleb128 0x1
 810 00dd 13       		.uleb128 0x13
 811 00de 00       		.byte	0
 812 00df 00       		.byte	0
 813 00e0 10       		.uleb128 0x10
 814 00e1 05       		.uleb128 0x5
 815 00e2 00       		.byte	0
 816 00e3 49       		.uleb128 0x49
 817 00e4 13       		.uleb128 0x13
 818 00e5 00       		.byte	0
 819 00e6 00       		.byte	0
 820 00e7 11       		.uleb128 0x11
 821 00e8 2E       		.uleb128 0x2e
 822 00e9 01       		.byte	0x1
 823 00ea 3F       		.uleb128 0x3f
 824 00eb 19       		.uleb128 0x19
 825 00ec 03       		.uleb128 0x3
 826 00ed 0E       		.uleb128 0xe
 827 00ee 3A       		.uleb128 0x3a
 828 00ef 0B       		.uleb128 0xb
 829 00f0 3B       		.uleb128 0x3b
 830 00f1 0B       		.uleb128 0xb
 831 00f2 27       		.uleb128 0x27
 832 00f3 19       		.uleb128 0x19
 833 00f4 3C       		.uleb128 0x3c
 834 00f5 19       		.uleb128 0x19
 835 00f6 00       		.byte	0
 836 00f7 00       		.byte	0
ARM GAS  C:\Users\VILLEL~1\AppData\Local\Temp\cczBACl5.s 			page 17


 837 00f8 00       		.byte	0
 838              		.section	.debug_loc,"",%progbits
 839              	.Ldebug_loc0:
 840              	.LLST0:
 841 0000 00000000 		.4byte	.LVL0
 842 0004 06000000 		.4byte	.LVL1
 843 0008 0100     		.2byte	0x1
 844 000a 50       		.byte	0x50
 845 000b 06000000 		.4byte	.LVL1
 846 000f 22000000 		.4byte	.LFE63
 847 0013 0400     		.2byte	0x4
 848 0015 F3       		.byte	0xf3
 849 0016 01       		.uleb128 0x1
 850 0017 50       		.byte	0x50
 851 0018 9F       		.byte	0x9f
 852 0019 00000000 		.4byte	0
 853 001d 00000000 		.4byte	0
 854              	.LLST1:
 855 0021 00000000 		.4byte	.LVL6
 856 0025 0C000000 		.4byte	.LVL7
 857 0029 0100     		.2byte	0x1
 858 002b 50       		.byte	0x50
 859 002c 0C000000 		.4byte	.LVL7
 860 0030 4C000000 		.4byte	.LVL17
 861 0034 0100     		.2byte	0x1
 862 0036 55       		.byte	0x55
 863 0037 4C000000 		.4byte	.LVL17
 864 003b 4E000000 		.4byte	.LVL18
 865 003f 0100     		.2byte	0x1
 866 0041 50       		.byte	0x50
 867 0042 4E000000 		.4byte	.LVL18
 868 0046 50000000 		.4byte	.LVL19
 869 004a 0400     		.2byte	0x4
 870 004c 70       		.byte	0x70
 871 004d 00       		.sleb128 0
 872 004e 20       		.byte	0x20
 873 004f 9F       		.byte	0x9f
 874 0050 5C000000 		.4byte	.LVL22
 875 0054 78000000 		.4byte	.LVL26
 876 0058 0100     		.2byte	0x1
 877 005a 55       		.byte	0x55
 878 005b 78000000 		.4byte	.LVL26
 879 005f 7E000000 		.4byte	.LVL27
 880 0063 0100     		.2byte	0x1
 881 0065 50       		.byte	0x50
 882 0066 7E000000 		.4byte	.LVL27
 883 006a BC000000 		.4byte	.LVL37
 884 006e 0100     		.2byte	0x1
 885 0070 55       		.byte	0x55
 886 0071 BC000000 		.4byte	.LVL37
 887 0075 C0000000 		.4byte	.LVL38
 888 0079 0100     		.2byte	0x1
 889 007b 50       		.byte	0x50
 890 007c CE000000 		.4byte	.LVL41
 891 0080 EA000000 		.4byte	.LVL45
 892 0084 0100     		.2byte	0x1
 893 0086 55       		.byte	0x55
ARM GAS  C:\Users\VILLEL~1\AppData\Local\Temp\cczBACl5.s 			page 18


 894 0087 EA000000 		.4byte	.LVL45
 895 008b F8000000 		.4byte	.LFE64
 896 008f 0400     		.2byte	0x4
 897 0091 F3       		.byte	0xf3
 898 0092 01       		.uleb128 0x1
 899 0093 50       		.byte	0x50
 900 0094 9F       		.byte	0x9f
 901 0095 00000000 		.4byte	0
 902 0099 00000000 		.4byte	0
 903              	.LLST2:
 904 009d 00000000 		.4byte	.LVL6
 905 00a1 0E000000 		.4byte	.LVL8
 906 00a5 0100     		.2byte	0x1
 907 00a7 51       		.byte	0x51
 908 00a8 0E000000 		.4byte	.LVL8
 909 00ac 78000000 		.4byte	.LVL26
 910 00b0 0400     		.2byte	0x4
 911 00b2 F3       		.byte	0xf3
 912 00b3 01       		.uleb128 0x1
 913 00b4 51       		.byte	0x51
 914 00b5 9F       		.byte	0x9f
 915 00b6 78000000 		.4byte	.LVL26
 916 00ba 80000000 		.4byte	.LVL28
 917 00be 0100     		.2byte	0x1
 918 00c0 51       		.byte	0x51
 919 00c1 80000000 		.4byte	.LVL28
 920 00c5 F8000000 		.4byte	.LFE64
 921 00c9 0400     		.2byte	0x4
 922 00cb F3       		.byte	0xf3
 923 00cc 01       		.uleb128 0x1
 924 00cd 51       		.byte	0x51
 925 00ce 9F       		.byte	0x9f
 926 00cf 00000000 		.4byte	0
 927 00d3 00000000 		.4byte	0
 928              	.LLST3:
 929 00d7 00000000 		.4byte	.LVL6
 930 00db 11000000 		.4byte	.LVL9-1
 931 00df 0100     		.2byte	0x1
 932 00e1 52       		.byte	0x52
 933 00e2 11000000 		.4byte	.LVL9-1
 934 00e6 78000000 		.4byte	.LVL26
 935 00ea 0100     		.2byte	0x1
 936 00ec 54       		.byte	0x54
 937 00ed 78000000 		.4byte	.LVL26
 938 00f1 83000000 		.4byte	.LVL29-1
 939 00f5 0100     		.2byte	0x1
 940 00f7 52       		.byte	0x52
 941 00f8 83000000 		.4byte	.LVL29-1
 942 00fc EA000000 		.4byte	.LVL45
 943 0100 0100     		.2byte	0x1
 944 0102 54       		.byte	0x54
 945 0103 EA000000 		.4byte	.LVL45
 946 0107 F8000000 		.4byte	.LFE64
 947 010b 0600     		.2byte	0x6
 948 010d F3       		.byte	0xf3
 949 010e 03       		.uleb128 0x3
 950 010f F5       		.byte	0xf5
ARM GAS  C:\Users\VILLEL~1\AppData\Local\Temp\cczBACl5.s 			page 19


 951 0110 02       		.uleb128 0x2
 952 0111 25       		.uleb128 0x25
 953 0112 9F       		.byte	0x9f
 954 0113 00000000 		.4byte	0
 955 0117 00000000 		.4byte	0
 956              		.section	.debug_aranges,"",%progbits
 957 0000 24000000 		.4byte	0x24
 958 0004 0200     		.2byte	0x2
 959 0006 00000000 		.4byte	.Ldebug_info0
 960 000a 04       		.byte	0x4
 961 000b 00       		.byte	0
 962 000c 0000     		.2byte	0
 963 000e 0000     		.2byte	0
 964 0010 00000000 		.4byte	.LFB63
 965 0014 22000000 		.4byte	.LFE63-.LFB63
 966 0018 00000000 		.4byte	.LFB64
 967 001c F8000000 		.4byte	.LFE64-.LFB64
 968 0020 00000000 		.4byte	0
 969 0024 00000000 		.4byte	0
 970              		.section	.debug_ranges,"",%progbits
 971              	.Ldebug_ranges0:
 972 0000 00000000 		.4byte	.LFB63
 973 0004 22000000 		.4byte	.LFE63
 974 0008 00000000 		.4byte	.LFB64
 975 000c F8000000 		.4byte	.LFE64
 976 0010 00000000 		.4byte	0
 977 0014 00000000 		.4byte	0
 978              		.section	.debug_line,"",%progbits
 979              	.Ldebug_line0:
 980 0000 C9010000 		.section	.debug_str,"MS",%progbits,1
 980      02007D01 
 980      00000201 
 980      FB0E0D00 
 980      01010101 
 981              	.LASF10:
 982 0000 5F5F696E 		.ascii	"__int32_t\000"
 982      7433325F 
 982      7400
 983              	.LASF22:
 984 000a 6469725F 		.ascii	"dir_flag\000"
 984      666C6167 
 984      00
 985              	.LASF4:
 986 0013 73686F72 		.ascii	"short unsigned int\000"
 986      7420756E 
 986      7369676E 
 986      65642069 
 986      6E7400
 987              	.LASF25:
 988 0026 4D6F746F 		.ascii	"MotorDirRight_Write\000"
 988      72446972 
 988      52696768 
 988      745F5772 
 988      69746500 
 989              	.LASF11:
 990 003a 696E7433 		.ascii	"int32_t\000"
 990      325F7400 
ARM GAS  C:\Users\VILLEL~1\AppData\Local\Temp\cczBACl5.s 			page 20


 991              	.LASF0:
 992 0042 666C6F61 		.ascii	"float\000"
 992      7400
 993              	.LASF2:
 994 0048 756E7369 		.ascii	"unsigned char\000"
 994      676E6564 
 994      20636861 
 994      7200
 995              	.LASF6:
 996 0056 6C6F6E67 		.ascii	"long unsigned int\000"
 996      20756E73 
 996      69676E65 
 996      6420696E 
 996      7400
 997              	.LASF24:
 998 0068 4D6F746F 		.ascii	"MotorDirLeft_Write\000"
 998      72446972 
 998      4C656674 
 998      5F577269 
 998      746500
 999              	.LASF30:
 1000 007b 49544D5F 		.ascii	"ITM_RxBuffer\000"
 1000      52784275 
 1000      66666572 
 1000      00
 1001              	.LASF14:
 1002 0088 646F7562 		.ascii	"double\000"
 1002      6C6500
 1003              	.LASF29:
 1004 008f 433A5C55 		.ascii	"C:\\Users\\Ville L\\Desktop\\Zumo_Robotti\\Zumo_Rob"
 1004      73657273 
 1004      5C56696C 
 1004      6C65204C 
 1004      5C446573 
 1005 00bd 6F747469 		.ascii	"otti\\ZumoBot.cydsn\000"
 1005      5C5A756D 
 1005      6F426F74 
 1005      2E637964 
 1005      736E00
 1006              	.LASF21:
 1007 00d0 7475726E 		.ascii	"turn\000"
 1007      00
 1008              	.LASF13:
 1009 00d5 75696E74 		.ascii	"uint32\000"
 1009      333200
 1010              	.LASF27:
 1011 00dc 474E5520 		.ascii	"GNU C 4.9.3 20150303 (release) [ARM/embedded-4_9-br"
 1011      4320342E 
 1011      392E3320 
 1011      32303135 
 1011      30333033 
 1012 010f 616E6368 		.ascii	"anch revision 221220] -mcpu=cortex-m3 -mthumb -g -O"
 1012      20726576 
 1012      6973696F 
 1012      6E203232 
 1012      31323230 
 1013 0142 67202D66 		.ascii	"g -ffunction-sections -ffat-lto-objects\000"
ARM GAS  C:\Users\VILLEL~1\AppData\Local\Temp\cczBACl5.s 			page 21


 1013      66756E63 
 1013      74696F6E 
 1013      2D736563 
 1013      74696F6E 
 1014              	.LASF9:
 1015 016a 756E7369 		.ascii	"unsigned int\000"
 1015      676E6564 
 1015      20696E74 
 1015      00
 1016              	.LASF28:
 1017 0177 43757374 		.ascii	"Custom_Motor.c\000"
 1017      6F6D5F4D 
 1017      6F746F72 
 1017      2E6300
 1018              	.LASF8:
 1019 0186 6C6F6E67 		.ascii	"long long unsigned int\000"
 1019      206C6F6E 
 1019      6720756E 
 1019      7369676E 
 1019      65642069 
 1020              	.LASF26:
 1021 019d 50574D5F 		.ascii	"PWM_WriteCompare1\000"
 1021      57726974 
 1021      65436F6D 
 1021      70617265 
 1021      3100
 1022              	.LASF31:
 1023 01af 50574D5F 		.ascii	"PWM_WriteCompare2\000"
 1023      57726974 
 1023      65436F6D 
 1023      70617265 
 1023      3200
 1024              	.LASF23:
 1025 01c1 626C6163 		.ascii	"blackDiff\000"
 1025      6B446966 
 1025      6600
 1026              	.LASF20:
 1027 01cb 73706565 		.ascii	"speed\000"
 1027      6400
 1028              	.LASF16:
 1029 01d1 73697A65 		.ascii	"sizetype\000"
 1029      74797065 
 1029      00
 1030              	.LASF7:
 1031 01da 6C6F6E67 		.ascii	"long long int\000"
 1031      206C6F6E 
 1031      6720696E 
 1031      7400
 1032              	.LASF15:
 1033 01e8 63686172 		.ascii	"char\000"
 1033      00
 1034              	.LASF3:
 1035 01ed 73686F72 		.ascii	"short int\000"
 1035      7420696E 
 1035      7400
 1036              	.LASF12:
 1037 01f7 75696E74 		.ascii	"uint8\000"
ARM GAS  C:\Users\VILLEL~1\AppData\Local\Temp\cczBACl5.s 			page 22


 1037      3800
 1038              	.LASF19:
 1039 01fd 5475726E 		.ascii	"Turn\000"
 1039      00
 1040              	.LASF5:
 1041 0202 6C6F6E67 		.ascii	"long int\000"
 1041      20696E74 
 1041      00
 1042              	.LASF17:
 1043 020b 6C6F6E67 		.ascii	"long double\000"
 1043      20646F75 
 1043      626C6500 
 1044              	.LASF18:
 1045 0217 43757374 		.ascii	"Custom_forward\000"
 1045      6F6D5F66 
 1045      6F727761 
 1045      726400
 1046              	.LASF1:
 1047 0226 7369676E 		.ascii	"signed char\000"
 1047      65642063 
 1047      68617200 
 1048              		.ident	"GCC: (GNU Tools for ARM Embedded Processors) 4.9.3 20150303 (release) [ARM/embedded-4_9-br
