ARM GAS  C:\Users\VILLEL~1\AppData\Local\Temp\ccyt9ZyE.s 			page 1


   1              		.syntax unified
   2              		.cpu cortex-m3
   3              		.fpu softvfp
   4              		.eabi_attribute 20, 1
   5              		.eabi_attribute 21, 1
   6              		.eabi_attribute 23, 3
   7              		.eabi_attribute 24, 1
   8              		.eabi_attribute 25, 1
   9              		.eabi_attribute 26, 1
  10              		.eabi_attribute 30, 1
  11              		.eabi_attribute 34, 1
  12              		.eabi_attribute 18, 4
  13              		.thumb
  14              		.file	"main.c"
  15              		.text
  16              	.Ltext0:
  17              		.cfi_sections	.debug_frame
  18              		.section	.text.main,"ax",%progbits
  19              		.align	2
  20              		.global	main
  21              		.thumb
  22              		.thumb_func
  23              		.type	main, %function
  24              	main:
  25              	.LFB63:
  26              		.file 1 "main.c"
   1:main.c        **** /**
   2:main.c        **** * @mainpage ZumoBot Project
   3:main.c        **** * @brief    You can make your own ZumoBot with various sensors.
   4:main.c        **** * @details  <br><br>
   5:main.c        ****     <p>
   6:main.c        ****     <B>General</B><br>
   7:main.c        ****     You will use Pololu Zumo Shields for your robot project with CY8CKIT-059(PSoC 5LP) from Cypress
   8:main.c        ****     library has basic methods of various sensors and communications so that you can make what you w
   9:main.c        ****     <br><br>
  10:main.c        ****     </p>
  11:main.c        ****     
  12:main.c        ****     <p>
  13:main.c        ****     <B>Sensors</B><br>
  14:main.c        ****     &nbsp;Included: <br>
  15:main.c        ****         &nbsp;&nbsp;&nbsp;&nbsp;LSM303D: Accelerometer & Magnetometer<br>
  16:main.c        ****         &nbsp;&nbsp;&nbsp;&nbsp;L3GD20H: Gyroscope<br>
  17:main.c        ****         &nbsp;&nbsp;&nbsp;&nbsp;Reflectance sensor<br>
  18:main.c        ****         &nbsp;&nbsp;&nbsp;&nbsp;Motors
  19:main.c        ****     &nbsp;Wii nunchuck<br>
  20:main.c        ****     &nbsp;TSOP-2236: IR Receiver<br>
  21:main.c        ****     &nbsp;HC-SR04: Ultrasonic sensor<br>
  22:main.c        ****     &nbsp;APDS-9301: Ambient light sensor<br>
  23:main.c        ****     &nbsp;IR LED <br><br><br>
  24:main.c        ****     </p>
  25:main.c        ****     
  26:main.c        ****     <p>
  27:main.c        ****     <B>Communication</B><br>
  28:main.c        ****     I2C, UART, Serial<br>
  29:main.c        ****     </p>
  30:main.c        **** */
  31:main.c        **** 
ARM GAS  C:\Users\VILLEL~1\AppData\Local\Temp\ccyt9ZyE.s 			page 2


  32:main.c        **** #include <project.h>
  33:main.c        **** #include <stdio.h>
  34:main.c        **** #include "Motor.h"
  35:main.c        **** #include "Ultra.h"
  36:main.c        **** #include "Nunchuk.h"
  37:main.c        **** #include "Reflectance.h"
  38:main.c        **** #include "I2C_made.h"
  39:main.c        **** #include "Gyro.h"
  40:main.c        **** #include "Accel_magnet.h"
  41:main.c        **** #include "IR.h"
  42:main.c        **** #include "Ambient.h"
  43:main.c        **** #include "Beep.h"
  44:main.c        **** 
  45:main.c        **** int rread(void);
  46:main.c        **** 
  47:main.c        **** void Measure_Voltage();
  48:main.c        **** void motor_start();
  49:main.c        **** void motor_forward(uint8 speed,uint32 delay);
  50:main.c        **** void Custom_forward(uint8 speed,uint32 delay);
  51:main.c        **** void motor_turn(uint8 l_speed, uint8 r_speed, uint32 delay);
  52:main.c        **** void reflectance_set_threshold(uint16_t l3, uint16_t l1, uint16_t r1, uint16_t r3);
  53:main.c        **** 
  54:main.c        **** 
  55:main.c        **** /**
  56:main.c        ****  * @file    main.c
  57:main.c        ****  * @brief   
  58:main.c        ****  * @details  ** You should enable global interrupt for operating properly. **<br>&nbsp;&nbsp;&nbsp;
  59:main.c        **** */
  60:main.c        **** 
  61:main.c        **** 
  62:main.c        **** //battery level//
  63:main.c        **** int main()
  64:main.c        **** {
  27              		.loc 1 64 0
  28              		.cfi_startproc
  29              		@ args = 0, pretend = 0, frame = 16
  30              		@ frame_needed = 0, uses_anonymous_args = 0
  31 0000 30B5     		push	{r4, r5, lr}
  32              		.cfi_def_cfa_offset 12
  33              		.cfi_offset 4, -12
  34              		.cfi_offset 5, -8
  35              		.cfi_offset 14, -4
  36 0002 87B0     		sub	sp, sp, #28
  37              		.cfi_def_cfa_offset 40
  38              	.LVL0:
  65:main.c        ****     // 'Time counter' for the voltage measurement interval
  66:main.c        ****     int cycles = 0;
  67:main.c        ****     
  68:main.c        ****     
  69:main.c        ****     struct sensors_ ref;
  70:main.c        ****     struct sensors_ dig;
  71:main.c        ****     CyGlobalIntEnable; 
  39              		.loc 1 71 0
  40              	@ 71 "main.c" 1
  41 0004 62B6     		CPSIE   i
  42              	@ 0 "" 2
  72:main.c        ****     UART_1_Start();
ARM GAS  C:\Users\VILLEL~1\AppData\Local\Temp\ccyt9ZyE.s 			page 3


  43              		.loc 1 72 0
  44              		.thumb
  45 0006 FFF7FEFF 		bl	UART_1_Start
  46              	.LVL1:
  73:main.c        ****     ADC_Battery_Start();   
  47              		.loc 1 73 0
  48 000a FFF7FEFF 		bl	ADC_Battery_Start
  49              	.LVL2:
  74:main.c        ****     Measure_Voltage();
  50              		.loc 1 74 0
  51 000e FFF7FEFF 		bl	Measure_Voltage
  52              	.LVL3:
  75:main.c        ****     
  76:main.c        ****     // motor_start();
  77:main.c        ****     
  78:main.c        ****     sensor_isr_StartEx(sensor_isr_handler);
  53              		.loc 1 78 0
  54 0012 1E48     		ldr	r0, .L5
  55 0014 FFF7FEFF 		bl	sensor_isr_StartEx
  56              	.LVL4:
  79:main.c        ****     
  80:main.c        ****     reflectance_set_threshold(10000, 5000, 5000, 10000);
  57              		.loc 1 80 0
  58 0018 42F21070 		movw	r0, #10000
  59 001c 41F28831 		movw	r1, #5000
  60 0020 0A46     		mov	r2, r1
  61 0022 0346     		mov	r3, r0
  62 0024 FFF7FEFF 		bl	reflectance_set_threshold
  63              	.LVL5:
  81:main.c        ****     
  82:main.c        ****     reflectance_start();
  64              		.loc 1 82 0
  65 0028 FFF7FEFF 		bl	reflectance_start
  66              	.LVL6:
  83:main.c        **** 
  84:main.c        ****     IR_led_Write(1);
  67              		.loc 1 84 0
  68 002c 0120     		movs	r0, #1
  69 002e FFF7FEFF 		bl	IR_led_Write
  70              	.LVL7:
  85:main.c        **** 
  86:main.c        ****     printf("\nBoot\n");
  71              		.loc 1 86 0
  72 0032 1748     		ldr	r0, .L5+4
  73 0034 FFF7FEFF 		bl	puts
  74              	.LVL8:
  87:main.c        **** 
  88:main.c        ****     //BatteryLed_Write(1); // Switch led on 
  89:main.c        ****     BatteryLed_Write(0); // Switch led off 
  75              		.loc 1 89 0
  76 0038 0020     		movs	r0, #0
  77 003a FFF7FEFF 		bl	BatteryLed_Write
  78              	.LVL9:
  79              	.L3:
  64:main.c        ****     // 'Time counter' for the voltage measurement interval
  80              		.loc 1 64 0
  81 003e 0024     		movs	r4, #0
ARM GAS  C:\Users\VILLEL~1\AppData\Local\Temp\ccyt9ZyE.s 			page 4


  82              	.LVL10:
  83              	.L2:
  90:main.c        ****     //uint8 button;
  91:main.c        ****     //button = SW1_Read(); // read SW1 on pSoC board
  92:main.c        ****     
  93:main.c        ****     /*
  94:main.c        ****     Custom_forward(128, 2900);
  95:main.c        ****     motor_forward(0, 0);
  96:main.c        ****     motor_turn(255, 0, 324);
  97:main.c        ****     Custom_forward(128, 2840);
  98:main.c        ****     motor_forward(0, 0);
  99:main.c        ****     motor_turn(255, 0, 326);
 100:main.c        ****     Custom_forward(128, 2450);
 101:main.c        ****     motor_forward(0, 0);
 102:main.c        ****     motor_turn(255, 0, 420);
 103:main.c        ****     Custom_forward(128, 1500);
 104:main.c        ****     motor_forward(0, 0);
 105:main.c        ****     */
 106:main.c        ****     
 107:main.c        **** 
 108:main.c        ****     while(1)
 109:main.c        ****     {    
 110:main.c        ****         
 111:main.c        ****         reflectance_read(&ref); // raw sensor value; 0 - 22 000
  84              		.loc 1 111 0
  85 0040 04A8     		add	r0, sp, #16
  86 0042 FFF7FEFF 		bl	reflectance_read
  87              	.LVL11:
 112:main.c        ****         printf("%d %d %d %d \r\n", ref.l3, ref.l1, ref.r1, ref.r3);       //print out each period o
  88              		.loc 1 112 0
  89 0046 BDF81010 		ldrh	r1, [sp, #16]
  90 004a BDF81220 		ldrh	r2, [sp, #18]
  91 004e BDF81430 		ldrh	r3, [sp, #20]
  92 0052 BDF81600 		ldrh	r0, [sp, #22]
  93 0056 0F4D     		ldr	r5, .L5+8
  94 0058 0090     		str	r0, [sp]
  95 005a 2846     		mov	r0, r5
  96 005c FFF7FEFF 		bl	printf
  97              	.LVL12:
 113:main.c        ****         reflectance_digital(&dig);      //print out 0 or 1 according to results of reflectance peri
  98              		.loc 1 113 0
  99 0060 02A8     		add	r0, sp, #8
 100 0062 FFF7FEFF 		bl	reflectance_digital
 101              	.LVL13:
 114:main.c        ****         printf("%d %d %d %d \r\n", dig.l3, dig.l1, dig.r1, dig.r3);        //print out 0 or 1 accor
 102              		.loc 1 114 0
 103 0066 BDF80810 		ldrh	r1, [sp, #8]
 104 006a BDF80A20 		ldrh	r2, [sp, #10]
 105 006e BDF80C30 		ldrh	r3, [sp, #12]
 106 0072 BDF80E00 		ldrh	r0, [sp, #14]
 107 0076 0090     		str	r0, [sp]
 108 0078 2846     		mov	r0, r5
 109 007a FFF7FEFF 		bl	printf
 110              	.LVL14:
 115:main.c        ****         
 116:main.c        ****         // CyDelay(500);
 117:main.c        ****                
ARM GAS  C:\Users\VILLEL~1\AppData\Local\Temp\ccyt9ZyE.s 			page 5


 118:main.c        ****         // For measuring the battery voltage at regular intervals. 
 119:main.c        ****         // 30 000000 'cycles' should equal ~80 seconds, assuming the while loop runs at 1 loop / 3 
 120:main.c        ****         cycles++;
 111              		.loc 1 120 0
 112 007e 0134     		adds	r4, r4, #1
 113              	.LVL15:
 121:main.c        ****         if (cycles >= 300000000)
 114              		.loc 1 121 0
 115 0080 054B     		ldr	r3, .L5+12
 116 0082 9C42     		cmp	r4, r3
 117 0084 DCDD     		ble	.L2
 122:main.c        ****         {
 123:main.c        ****             Measure_Voltage();
 118              		.loc 1 123 0
 119 0086 FFF7FEFF 		bl	Measure_Voltage
 120              	.LVL16:
 121 008a D8E7     		b	.L3
 122              	.L6:
 123              		.align	2
 124              	.L5:
 125 008c 00000000 		.word	sensor_isr_handler
 126 0090 00000000 		.word	.LC0
 127 0094 08000000 		.word	.LC1
 128 0098 FFA2E111 		.word	299999999
 129              		.cfi_endproc
 130              	.LFE63:
 131              		.size	main, .-main
 132              		.section	.text._write,"ax",%progbits
 133              		.align	2
 134              		.global	_write
 135              		.thumb
 136              		.thumb_func
 137              		.type	_write, %function
 138              	_write:
 139              	.LFB64:
 124:main.c        ****             cycles = 0;
 125:main.c        ****         }
 126:main.c        ****         
 127:main.c        ****     }
 128:main.c        ****      
 129:main.c        ****  }   
 130:main.c        **** //*/
 131:main.c        **** 
 132:main.c        **** 
 133:main.c        **** /*//ultra sonic sensor//
 134:main.c        **** int main()
 135:main.c        **** {
 136:main.c        ****     CyGlobalIntEnable; 
 137:main.c        ****     UART_1_Start();
 138:main.c        ****     Ultra_Start();                          // Ultra Sonic Start function
 139:main.c        ****     while(1) {
 140:main.c        ****         //If you want to print out the value  
 141:main.c        ****         printf("distance = %5.0f\r\n", Ultra_GetDistance());
 142:main.c        ****         CyDelay(1000);
 143:main.c        ****     }
 144:main.c        **** }   
 145:main.c        **** //*/
ARM GAS  C:\Users\VILLEL~1\AppData\Local\Temp\ccyt9ZyE.s 			page 6


 146:main.c        **** 
 147:main.c        **** 
 148:main.c        **** /*//nunchuk//
 149:main.c        **** int main()
 150:main.c        **** {
 151:main.c        ****     CyGlobalIntEnable; 
 152:main.c        ****     UART_1_Start();
 153:main.c        ****   
 154:main.c        ****     nunchuk_start();
 155:main.c        ****     nunchuk_init();
 156:main.c        ****     
 157:main.c        ****     for(;;)
 158:main.c        ****     {    
 159:main.c        ****         nunchuk_read();
 160:main.c        ****     }
 161:main.c        **** }   
 162:main.c        **** //*/
 163:main.c        **** 
 164:main.c        **** 
 165:main.c        **** /*//IR receiver//
 166:main.c        **** int main()
 167:main.c        **** {
 168:main.c        ****     CyGlobalIntEnable; 
 169:main.c        ****     UART_1_Start();
 170:main.c        ****     
 171:main.c        ****     unsigned int IR_val; 
 172:main.c        ****     
 173:main.c        ****     for(;;)
 174:main.c        ****     {
 175:main.c        ****        IR_val = get_IR();
 176:main.c        ****        printf("%x\r\n\n",IR_val);
 177:main.c        ****     }    
 178:main.c        ****  }   
 179:main.c        **** //*/
 180:main.c        **** 
 181:main.c        **** 
 182:main.c        **** /*//Ambient light sensor//
 183:main.c        **** int main()
 184:main.c        **** {
 185:main.c        ****     CyGlobalIntEnable; 
 186:main.c        ****     UART_1_Start();
 187:main.c        ****     
 188:main.c        ****     I2C_Start();
 189:main.c        ****     
 190:main.c        ****     I2C_write(0x29,0x80,0x00);          // set to power down
 191:main.c        ****     I2C_write(0x29,0x80,0x03);          // set to power on
 192:main.c        ****     
 193:main.c        ****     for(;;)
 194:main.c        ****     {    
 195:main.c        ****         uint8 Data0Low,Data0High,Data1Low,Data1High;
 196:main.c        ****         Data0Low = I2C_read(0x29,CH0_L);
 197:main.c        ****         Data0High = I2C_read(0x29,CH0_H);
 198:main.c        ****         Data1Low = I2C_read(0x29,CH1_L);
 199:main.c        ****         Data1High = I2C_read(0x29,CH1_H);
 200:main.c        ****         
 201:main.c        ****         uint8 CH0, CH1;
 202:main.c        ****         CH0 = convert_raw(Data0Low,Data0High);      // combine Data0
ARM GAS  C:\Users\VILLEL~1\AppData\Local\Temp\ccyt9ZyE.s 			page 7


 203:main.c        ****         CH1 = convert_raw(Data1Low,Data1High);      // combine Data1
 204:main.c        **** 
 205:main.c        ****         double Ch0 = CH0;
 206:main.c        ****         double Ch1 = CH1;
 207:main.c        ****         
 208:main.c        ****         double data = 0;
 209:main.c        ****         data = getLux(Ch0,Ch1);
 210:main.c        ****         
 211:main.c        ****         // If you want to print out data
 212:main.c        ****         //printf("%lf\r\n",data);    
 213:main.c        ****     }    
 214:main.c        ****  }   
 215:main.c        **** //*/
 216:main.c        **** 
 217:main.c        **** 
 218:main.c        **** /*//accelerometer//
 219:main.c        **** int main()
 220:main.c        **** {
 221:main.c        ****     CyGlobalIntEnable; 
 222:main.c        ****     UART_1_Start();
 223:main.c        ****   
 224:main.c        ****     I2C_Start();
 225:main.c        ****   
 226:main.c        ****     uint8 X_L_A, X_H_A, Y_L_A, Y_H_A, Z_L_A, Z_H_A;
 227:main.c        ****     int16 X_AXIS_A, Y_AXIS_A, Z_AXIS_A;
 228:main.c        ****     
 229:main.c        ****     I2C_write(ACCEL_MAG_ADDR, ACCEL_CTRL1_REG, 0x37);           // set accelerometer & magnetometer
 230:main.c        ****     I2C_write(ACCEL_MAG_ADDR, ACCEL_CTRL7_REG, 0x22);
 231:main.c        ****     
 232:main.c        ****     
 233:main.c        ****     for(;;)
 234:main.c        ****     {
 235:main.c        ****         //print out accelerometer output
 236:main.c        ****         X_L_A = I2C_read(ACCEL_MAG_ADDR, OUT_X_L_A);
 237:main.c        ****         X_H_A = I2C_read(ACCEL_MAG_ADDR, OUT_X_H_A);
 238:main.c        ****         X_AXIS_A = convert_raw(X_L_A, X_H_A);
 239:main.c        ****         
 240:main.c        ****         Y_L_A = I2C_read(ACCEL_MAG_ADDR, OUT_Y_L_A);
 241:main.c        ****         Y_H_A = I2C_read(ACCEL_MAG_ADDR, OUT_Y_H_A);
 242:main.c        ****         Y_AXIS_A = convert_raw(Y_L_A, Y_H_A);
 243:main.c        ****         
 244:main.c        ****         Z_L_A = I2C_read(ACCEL_MAG_ADDR, OUT_Z_L_A);
 245:main.c        ****         Z_H_A = I2C_read(ACCEL_MAG_ADDR, OUT_Z_H_A);
 246:main.c        ****         Z_AXIS_A = convert_raw(Z_L_A, Z_H_A);
 247:main.c        ****         
 248:main.c        ****         printf("ACCEL: %d %d %d %d %d %d \r\n", X_L_A, X_H_A, Y_L_A, Y_H_A, Z_L_A, Z_H_A);
 249:main.c        ****         value_convert_accel(X_AXIS_A, Y_AXIS_A, Z_AXIS_A);
 250:main.c        ****         printf("\n");
 251:main.c        ****         
 252:main.c        ****         CyDelay(50);
 253:main.c        ****     }
 254:main.c        **** }   
 255:main.c        **** //*/
 256:main.c        **** 
 257:main.c        **** 
 258:main.c        **** /*//reflectance//
 259:main.c        **** int main()
ARM GAS  C:\Users\VILLEL~1\AppData\Local\Temp\ccyt9ZyE.s 			page 8


 260:main.c        **** {
 261:main.c        ****     struct sensors_ ref;
 262:main.c        ****     struct sensors_ dig;
 263:main.c        ****     CyGlobalIntEnable; 
 264:main.c        ****     UART_1_Start();
 265:main.c        ****   
 266:main.c        ****     sensor_isr_StartEx(sensor_isr_handler);
 267:main.c        ****     
 268:main.c        ****     reflectance_start();
 269:main.c        **** 
 270:main.c        ****     IR_led_Write(1);
 271:main.c        ****     for(;;)
 272:main.c        ****     {
 273:main.c        ****         reflectance_read(&ref); // raw sensor value; 0 - 22 000
 274:main.c        ****         printf("%d %d %d %d \r\n", ref.l3, ref.l1, ref.r1, ref.r3);       //print out each period o
 275:main.c        ****         reflectance_digital(&dig);      //print out 0 or 1 according to results of reflectance peri
 276:main.c        ****         printf("%d %d %d %d \r\n", dig.l3, dig.l1, dig.r1, dig.r3);        //print out 0 or 1 accor
 277:main.c        ****         
 278:main.c        ****         CyDelay(500);
 279:main.c        ****     }
 280:main.c        **** }   
 281:main.c        **** //*/
 282:main.c        **** 
 283:main.c        ****  /* //motor//
 284:main.c        **** int main()
 285:main.c        **** {
 286:main.c        ****     CyGlobalIntEnable; 
 287:main.c        ****     UART_1_Start();
 288:main.c        **** 
 289:main.c        ****     motor_start();              // motor start
 290:main.c        **** 
 291:main.c        ****     motor_forward(100,2000);     // moving forward
 292:main.c        ****     motor_turn(200,50,2000);     // turn
 293:main.c        ****     motor_turn(50,200,2000);     // turn
 294:main.c        ****     motor_backward(100,2000);    // movinb backward
 295:main.c        ****        
 296:main.c        ****     motor_stop();               // motor stop
 297:main.c        ****     
 298:main.c        ****     for(;;)
 299:main.c        ****     {
 300:main.c        **** 
 301:main.c        ****     }
 302:main.c        **** }
 303:main.c        **** //*/
 304:main.c        ****     
 305:main.c        **** 
 306:main.c        **** /*//gyroscope//
 307:main.c        **** int main()
 308:main.c        **** {
 309:main.c        ****     CyGlobalIntEnable; 
 310:main.c        ****     UART_1_Start();
 311:main.c        ****   
 312:main.c        ****     I2C_Start();
 313:main.c        ****   
 314:main.c        ****     uint8 X_L_G, X_H_G, Y_L_G, Y_H_G, Z_L_G, Z_H_G;
 315:main.c        ****     int16 X_AXIS_G, Y_AXIS_G, Z_AXIS_G;
 316:main.c        ****     
ARM GAS  C:\Users\VILLEL~1\AppData\Local\Temp\ccyt9ZyE.s 			page 9


 317:main.c        ****     I2C_write(GYRO_ADDR, GYRO_CTRL1_REG, 0x0F);             // set gyroscope into active mode
 318:main.c        ****     I2C_write(GYRO_ADDR, GYRO_CTRL4_REG, 0x30);             // set full scale selection to 2000dps 
 319:main.c        ****     
 320:main.c        ****     for(;;)
 321:main.c        ****     {
 322:main.c        ****         //print out gyroscope output
 323:main.c        ****         X_L_G = I2C_read(GYRO_ADDR, OUT_X_AXIS_L);
 324:main.c        ****         X_H_G = I2C_read(GYRO_ADDR, OUT_X_AXIS_H);
 325:main.c        ****         X_AXIS_G = convert_raw(X_H_G, X_L_G);
 326:main.c        ****         
 327:main.c        ****         
 328:main.c        ****         Y_L_G = I2C_read(GYRO_ADDR, OUT_Y_AXIS_L);
 329:main.c        ****         Y_H_G = I2C_read(GYRO_ADDR, OUT_Y_AXIS_H);
 330:main.c        ****         Y_AXIS_G = convert_raw(Y_H_G, Y_L_G);
 331:main.c        ****         
 332:main.c        ****         
 333:main.c        ****         Z_L_G = I2C_read(GYRO_ADDR, OUT_Z_AXIS_L);
 334:main.c        ****         Z_H_G = I2C_read(GYRO_ADDR, OUT_Z_AXIS_H);
 335:main.c        ****         Z_AXIS_G = convert_raw(Z_H_G, Z_L_G);
 336:main.c        ****      
 337:main.c        ****         // If you want to print value
 338:main.c        ****         printf("%d %d %d \r\n", X_AXIS_G, Y_AXIS_G, Z_AXIS_G);
 339:main.c        ****         CyDelay(50);
 340:main.c        ****     }
 341:main.c        **** }   
 342:main.c        **** //*/
 343:main.c        **** 
 344:main.c        **** 
 345:main.c        **** /*//magnetometer//
 346:main.c        **** int main()
 347:main.c        **** {
 348:main.c        ****     CyGlobalIntEnable; 
 349:main.c        ****     UART_1_Start();
 350:main.c        ****   
 351:main.c        ****     I2C_Start();
 352:main.c        ****    
 353:main.c        ****     uint8 X_L_M, X_H_M, Y_L_M, Y_H_M, Z_L_M, Z_H_M;
 354:main.c        ****     int16 X_AXIS, Y_AXIS, Z_AXIS;
 355:main.c        ****     
 356:main.c        ****     I2C_write(GYRO_ADDR, GYRO_CTRL1_REG, 0x0F);             // set gyroscope into active mode
 357:main.c        ****     I2C_write(GYRO_ADDR, GYRO_CTRL4_REG, 0x30);             // set full scale selection to 2000dps
 358:main.c        ****     I2C_write(ACCEL_MAG_ADDR, ACCEL_CTRL1_REG, 0x37);           // set accelerometer & magnetometer
 359:main.c        ****     I2C_write(ACCEL_MAG_ADDR, ACCEL_CTRL7_REG, 0x22);
 360:main.c        ****     
 361:main.c        ****     
 362:main.c        ****     for(;;)
 363:main.c        ****     {
 364:main.c        ****         X_L_M = I2C_read(ACCEL_MAG_ADDR, OUT_X_L_M);
 365:main.c        ****         X_H_M = I2C_read(ACCEL_MAG_ADDR, OUT_X_H_M);
 366:main.c        ****         X_AXIS = convert_raw(X_L_M, X_H_M);
 367:main.c        ****         
 368:main.c        ****         Y_L_M = I2C_read(ACCEL_MAG_ADDR, OUT_Y_L_M);
 369:main.c        ****         Y_H_M = I2C_read(ACCEL_MAG_ADDR, OUT_Y_H_M);
 370:main.c        ****         Y_AXIS = convert_raw(Y_L_M, Y_H_M);
 371:main.c        ****         
 372:main.c        ****         Z_L_M = I2C_read(ACCEL_MAG_ADDR, OUT_Z_L_M);
 373:main.c        ****         Z_H_M = I2C_read(ACCEL_MAG_ADDR, OUT_Z_H_M);
ARM GAS  C:\Users\VILLEL~1\AppData\Local\Temp\ccyt9ZyE.s 			page 10


 374:main.c        ****         Z_AXIS = convert_raw(Z_L_M, Z_H_M);
 375:main.c        ****         
 376:main.c        ****         heading(X_AXIS, Y_AXIS);
 377:main.c        ****         printf("MAGNET: %d %d %d %d %d %d \r\n", X_L_M, X_H_M, Y_L_M, Y_H_M, Z_L_M, Z_H_M);
 378:main.c        ****         printf("%d %d %d \r\n", X_AXIS,Y_AXIS, Z_AXIS);
 379:main.c        ****         CyDelay(50);      
 380:main.c        ****     }
 381:main.c        **** }   
 382:main.c        **** //*/
 383:main.c        **** 
 384:main.c        **** 
 385:main.c        **** #if 0
 386:main.c        **** int rread(void)
 387:main.c        **** {
 388:main.c        ****     SC0_SetDriveMode(PIN_DM_STRONG);
 389:main.c        ****     SC0_Write(1);
 390:main.c        ****     CyDelayUs(10);
 391:main.c        ****     SC0_SetDriveMode(PIN_DM_DIG_HIZ);
 392:main.c        ****     Timer_1_Start();
 393:main.c        ****     uint16_t start = Timer_1_ReadCounter();
 394:main.c        ****     uint16_t end = 0;
 395:main.c        ****     while(!(Timer_1_ReadStatusRegister() & Timer_1_STATUS_TC)) {
 396:main.c        ****         if(SC0_Read() == 0 && end == 0) {
 397:main.c        ****             end = Timer_1_ReadCounter();
 398:main.c        ****         }
 399:main.c        ****     }
 400:main.c        ****     Timer_1_Stop();
 401:main.c        ****     
 402:main.c        ****     return (start - end);
 403:main.c        **** }
 404:main.c        **** #endif
 405:main.c        **** 
 406:main.c        **** /* Don't remove the functions below */
 407:main.c        **** int _write(int file, char *ptr, int len)
 408:main.c        **** {
 140              		.loc 1 408 0
 141              		.cfi_startproc
 142              		@ args = 0, pretend = 0, frame = 0
 143              		@ frame_needed = 0, uses_anonymous_args = 0
 144              	.LVL17:
 145 0000 F8B5     		push	{r3, r4, r5, r6, r7, lr}
 146              		.cfi_def_cfa_offset 24
 147              		.cfi_offset 3, -24
 148              		.cfi_offset 4, -20
 149              		.cfi_offset 5, -16
 150              		.cfi_offset 6, -12
 151              		.cfi_offset 7, -8
 152              		.cfi_offset 14, -4
 153 0002 0C46     		mov	r4, r1
 154 0004 1746     		mov	r7, r2
 155              	.LVL18:
 409:main.c        ****     (void)file; /* Parameter is not used, suppress unused argument warning */
 410:main.c        **** 	int n;
 411:main.c        **** 	for(n = 0; n < len; n++) {
 156              		.loc 1 411 0
 157 0006 0025     		movs	r5, #0
 158 0008 0BE0     		b	.L8
ARM GAS  C:\Users\VILLEL~1\AppData\Local\Temp\ccyt9ZyE.s 			page 11


 159              	.LVL19:
 160              	.L10:
 412:main.c        ****         if(*ptr == '\n') UART_1_PutChar('\r');
 161              		.loc 1 412 0
 162 000a 2378     		ldrb	r3, [r4]	@ zero_extendqisi2
 163 000c 0A2B     		cmp	r3, #10
 164 000e 02D1     		bne	.L9
 165              		.loc 1 412 0 is_stmt 0 discriminator 1
 166 0010 0D20     		movs	r0, #13
 167 0012 FFF7FEFF 		bl	UART_1_PutChar
 168              	.LVL20:
 169              	.L9:
 413:main.c        **** 		UART_1_PutChar(*ptr++);
 170              		.loc 1 413 0 is_stmt 1 discriminator 2
 171 0016 661C     		adds	r6, r4, #1
 172              	.LVL21:
 173 0018 2078     		ldrb	r0, [r4]	@ zero_extendqisi2
 174 001a FFF7FEFF 		bl	UART_1_PutChar
 175              	.LVL22:
 411:main.c        ****         if(*ptr == '\n') UART_1_PutChar('\r');
 176              		.loc 1 411 0 discriminator 2
 177 001e 0135     		adds	r5, r5, #1
 178              	.LVL23:
 179              		.loc 1 413 0 discriminator 2
 180 0020 3446     		mov	r4, r6
 181              	.LVL24:
 182              	.L8:
 411:main.c        ****         if(*ptr == '\n') UART_1_PutChar('\r');
 183              		.loc 1 411 0 discriminator 1
 184 0022 BD42     		cmp	r5, r7
 185 0024 F1DB     		blt	.L10
 414:main.c        **** 	}
 415:main.c        **** 	return len;
 416:main.c        **** }
 186              		.loc 1 416 0
 187 0026 3846     		mov	r0, r7
 188 0028 F8BD     		pop	{r3, r4, r5, r6, r7, pc}
 189              		.cfi_endproc
 190              	.LFE64:
 191              		.size	_write, .-_write
 192 002a 00BF     		.section	.text._read,"ax",%progbits
 193              		.align	2
 194              		.global	_read
 195              		.thumb
 196              		.thumb_func
 197              		.type	_read, %function
 198              	_read:
 199              	.LFB65:
 417:main.c        **** 
 418:main.c        **** int _read (int file, char *ptr, int count)
 419:main.c        **** {
 200              		.loc 1 419 0
 201              		.cfi_startproc
 202              		@ args = 0, pretend = 0, frame = 0
 203              		@ frame_needed = 0, uses_anonymous_args = 0
 204              	.LVL25:
 205 0000 F8B5     		push	{r3, r4, r5, r6, r7, lr}
ARM GAS  C:\Users\VILLEL~1\AppData\Local\Temp\ccyt9ZyE.s 			page 12


 206              		.cfi_def_cfa_offset 24
 207              		.cfi_offset 3, -24
 208              		.cfi_offset 4, -20
 209              		.cfi_offset 5, -16
 210              		.cfi_offset 6, -12
 211              		.cfi_offset 7, -8
 212              		.cfi_offset 14, -4
 213 0002 0F46     		mov	r7, r1
 214 0004 1446     		mov	r4, r2
 215              	.LVL26:
 420:main.c        ****     int chs = 0;
 216              		.loc 1 420 0
 217 0006 0026     		movs	r6, #0
 421:main.c        ****     char ch;
 422:main.c        ****  
 423:main.c        ****     (void)file; /* Parameter is not used, suppress unused argument warning */
 424:main.c        ****     while(count > 0) {
 218              		.loc 1 424 0
 219 0008 12E0     		b	.L14
 220              	.LVL27:
 221              	.L17:
 425:main.c        ****         ch = UART_1_GetChar();
 222              		.loc 1 425 0
 223 000a FFF7FEFF 		bl	UART_1_GetChar
 224              	.LVL28:
 426:main.c        ****         if(ch != 0) {
 225              		.loc 1 426 0
 226 000e 0546     		mov	r5, r0
 227 0010 70B1     		cbz	r0, .L14
 427:main.c        ****             UART_1_PutChar(ch);
 228              		.loc 1 427 0
 229 0012 FFF7FEFF 		bl	UART_1_PutChar
 230              	.LVL29:
 428:main.c        ****             chs++;
 231              		.loc 1 428 0
 232 0016 0136     		adds	r6, r6, #1
 233              	.LVL30:
 429:main.c        ****             if(ch == '\r') {
 234              		.loc 1 429 0
 235 0018 0D2D     		cmp	r5, #13
 236 001a 03D1     		bne	.L15
 237              	.LVL31:
 430:main.c        ****                 ch = '\n';
 431:main.c        ****                 UART_1_PutChar(ch);
 238              		.loc 1 431 0
 239 001c 0A20     		movs	r0, #10
 240 001e FFF7FEFF 		bl	UART_1_PutChar
 241              	.LVL32:
 430:main.c        ****                 ch = '\n';
 242              		.loc 1 430 0
 243 0022 0A25     		movs	r5, #10
 244              	.LVL33:
 245              	.L15:
 432:main.c        ****             }
 433:main.c        ****             *ptr++ = ch;
 246              		.loc 1 433 0
 247 0024 7B1C     		adds	r3, r7, #1
ARM GAS  C:\Users\VILLEL~1\AppData\Local\Temp\ccyt9ZyE.s 			page 13


 248              	.LVL34:
 249 0026 3D70     		strb	r5, [r7]
 434:main.c        ****             count--;
 250              		.loc 1 434 0
 251 0028 013C     		subs	r4, r4, #1
 252              	.LVL35:
 435:main.c        ****             if(ch == '\n') break;
 253              		.loc 1 435 0
 254 002a 0A2D     		cmp	r5, #10
 255 002c 02D0     		beq	.L16
 433:main.c        ****             count--;
 256              		.loc 1 433 0
 257 002e 1F46     		mov	r7, r3
 258              	.LVL36:
 259              	.L14:
 424:main.c        ****         ch = UART_1_GetChar();
 260              		.loc 1 424 0
 261 0030 002C     		cmp	r4, #0
 262 0032 EADC     		bgt	.L17
 263              	.LVL37:
 264              	.L16:
 436:main.c        ****         }
 437:main.c        ****     }
 438:main.c        ****     return chs;
 439:main.c        **** }
 265              		.loc 1 439 0
 266 0034 3046     		mov	r0, r6
 267 0036 F8BD     		pop	{r3, r4, r5, r6, r7, pc}
 268              		.cfi_endproc
 269              	.LFE65:
 270              		.size	_read, .-_read
 271              		.section	.rodata.str1.4,"aMS",%progbits,1
 272              		.align	2
 273              	.LC0:
 274 0000 0A426F6F 		.ascii	"\012Boot\000"
 274      7400
 275 0006 0000     		.space	2
 276              	.LC1:
 277 0008 25642025 		.ascii	"%d %d %d %d \015\012\000"
 277      64202564 
 277      20256420 
 277      0D0A00
 278 0017 00       		.text
 279              	.Letext0:
 280              		.file 2 "c:\\program files (x86)\\cypress\\psoc creator\\4.0\\psoc creator\\import\\gnu\\arm\\4.9.
 281              		.file 3 "c:\\program files (x86)\\cypress\\psoc creator\\4.0\\psoc creator\\import\\gnu\\arm\\4.9.
 282              		.file 4 "Generated_Source\\PSoC5/cytypes.h"
 283              		.file 5 ".\\ZumoLibrary/Reflectance.h"
 284              		.file 6 "Generated_Source\\PSoC5/UART_1.h"
 285              		.file 7 "Generated_Source\\PSoC5/ADC_Battery.h"
 286              		.file 8 "Generated_Source\\PSoC5/sensor_isr.h"
 287              		.file 9 "Generated_Source\\PSoC5/IR_led.h"
 288              		.file 10 "Generated_Source\\PSoC5/BatteryLed.h"
 289              		.file 11 "Generated_Source\\PSoC5/core_cm3.h"
 290              		.file 12 "<built-in>"
 291              		.file 13 "c:\\program files (x86)\\cypress\\psoc creator\\4.0\\psoc creator\\import\\gnu\\arm\\4.9
 292              		.section	.debug_info,"",%progbits
ARM GAS  C:\Users\VILLEL~1\AppData\Local\Temp\ccyt9ZyE.s 			page 14


 293              	.Ldebug_info0:
 294 0000 56040000 		.4byte	0x456
 295 0004 0400     		.2byte	0x4
 296 0006 00000000 		.4byte	.Ldebug_abbrev0
 297 000a 04       		.byte	0x4
 298 000b 01       		.uleb128 0x1
 299 000c 8B010000 		.4byte	.LASF35
 300 0010 01       		.byte	0x1
 301 0011 66020000 		.4byte	.LASF36
 302 0015 FD000000 		.4byte	.LASF37
 303 0019 00000000 		.4byte	.Ldebug_ranges0+0
 304 001d 00000000 		.4byte	0
 305 0021 00000000 		.4byte	.Ldebug_line0
 306 0025 02       		.uleb128 0x2
 307 0026 01       		.byte	0x1
 308 0027 06       		.byte	0x6
 309 0028 A0020000 		.4byte	.LASF0
 310 002c 02       		.uleb128 0x2
 311 002d 01       		.byte	0x1
 312 002e 08       		.byte	0x8
 313 002f 9B000000 		.4byte	.LASF1
 314 0033 02       		.uleb128 0x2
 315 0034 02       		.byte	0x2
 316 0035 05       		.byte	0x5
 317 0036 7F020000 		.4byte	.LASF2
 318 003a 03       		.uleb128 0x3
 319 003b E5000000 		.4byte	.LASF4
 320 003f 02       		.byte	0x2
 321 0040 2B       		.byte	0x2b
 322 0041 45000000 		.4byte	0x45
 323 0045 02       		.uleb128 0x2
 324 0046 02       		.byte	0x2
 325 0047 07       		.byte	0x7
 326 0048 36000000 		.4byte	.LASF3
 327 004c 03       		.uleb128 0x3
 328 004d 1A000000 		.4byte	.LASF5
 329 0051 02       		.byte	0x2
 330 0052 3F       		.byte	0x3f
 331 0053 57000000 		.4byte	0x57
 332 0057 02       		.uleb128 0x2
 333 0058 04       		.byte	0x4
 334 0059 05       		.byte	0x5
 335 005a 92020000 		.4byte	.LASF6
 336 005e 02       		.uleb128 0x2
 337 005f 04       		.byte	0x4
 338 0060 07       		.byte	0x7
 339 0061 A9000000 		.4byte	.LASF7
 340 0065 02       		.uleb128 0x2
 341 0066 08       		.byte	0x8
 342 0067 05       		.byte	0x5
 343 0068 47020000 		.4byte	.LASF8
 344 006c 02       		.uleb128 0x2
 345 006d 08       		.byte	0x8
 346 006e 07       		.byte	0x7
 347 006f 74010000 		.4byte	.LASF9
 348 0073 04       		.uleb128 0x4
 349 0074 04       		.byte	0x4
ARM GAS  C:\Users\VILLEL~1\AppData\Local\Temp\ccyt9ZyE.s 			page 15


 350 0075 05       		.byte	0x5
 351 0076 696E7400 		.ascii	"int\000"
 352 007a 02       		.uleb128 0x2
 353 007b 04       		.byte	0x4
 354 007c 07       		.byte	0x7
 355 007d 67010000 		.4byte	.LASF10
 356 0081 03       		.uleb128 0x3
 357 0082 89020000 		.4byte	.LASF11
 358 0086 03       		.byte	0x3
 359 0087 21       		.byte	0x21
 360 0088 3A000000 		.4byte	0x3a
 361 008c 03       		.uleb128 0x3
 362 008d 6F000000 		.4byte	.LASF12
 363 0091 03       		.byte	0x3
 364 0092 2C       		.byte	0x2c
 365 0093 4C000000 		.4byte	0x4c
 366 0097 05       		.uleb128 0x5
 367 0098 F7000000 		.4byte	.LASF13
 368 009c 04       		.byte	0x4
 369 009d 9201     		.2byte	0x192
 370 009f 2C000000 		.4byte	0x2c
 371 00a3 02       		.uleb128 0x2
 372 00a4 04       		.byte	0x4
 373 00a5 04       		.byte	0x4
 374 00a6 7D000000 		.4byte	.LASF14
 375 00aa 02       		.uleb128 0x2
 376 00ab 08       		.byte	0x8
 377 00ac 04       		.byte	0x4
 378 00ad F0000000 		.4byte	.LASF15
 379 00b1 02       		.uleb128 0x2
 380 00b2 01       		.byte	0x1
 381 00b3 08       		.byte	0x8
 382 00b4 6D020000 		.4byte	.LASF16
 383 00b8 05       		.uleb128 0x5
 384 00b9 19020000 		.4byte	.LASF17
 385 00bd 04       		.byte	0x4
 386 00be 4E02     		.2byte	0x24e
 387 00c0 C4000000 		.4byte	0xc4
 388 00c4 06       		.uleb128 0x6
 389 00c5 04       		.byte	0x4
 390 00c6 CA000000 		.4byte	0xca
 391 00ca 07       		.uleb128 0x7
 392 00cb 02       		.uleb128 0x2
 393 00cc 04       		.byte	0x4
 394 00cd 07       		.byte	0x7
 395 00ce 3E020000 		.4byte	.LASF18
 396 00d2 06       		.uleb128 0x6
 397 00d3 04       		.byte	0x4
 398 00d4 B1000000 		.4byte	0xb1
 399 00d8 06       		.uleb128 0x6
 400 00d9 04       		.byte	0x4
 401 00da DE000000 		.4byte	0xde
 402 00de 08       		.uleb128 0x8
 403 00df B1000000 		.4byte	0xb1
 404 00e3 09       		.uleb128 0x9
 405 00e4 00000000 		.4byte	.LASF38
 406 00e8 08       		.byte	0x8
ARM GAS  C:\Users\VILLEL~1\AppData\Local\Temp\ccyt9ZyE.s 			page 16


 407 00e9 05       		.byte	0x5
 408 00ea 11       		.byte	0x11
 409 00eb 1C010000 		.4byte	0x11c
 410 00ef 0A       		.uleb128 0xa
 411 00f0 6C3300   		.ascii	"l3\000"
 412 00f3 05       		.byte	0x5
 413 00f4 12       		.byte	0x12
 414 00f5 81000000 		.4byte	0x81
 415 00f9 00       		.byte	0
 416 00fa 0A       		.uleb128 0xa
 417 00fb 6C3100   		.ascii	"l1\000"
 418 00fe 05       		.byte	0x5
 419 00ff 14       		.byte	0x14
 420 0100 81000000 		.4byte	0x81
 421 0104 02       		.byte	0x2
 422 0105 0A       		.uleb128 0xa
 423 0106 723100   		.ascii	"r1\000"
 424 0109 05       		.byte	0x5
 425 010a 15       		.byte	0x15
 426 010b 81000000 		.4byte	0x81
 427 010f 04       		.byte	0x4
 428 0110 0A       		.uleb128 0xa
 429 0111 723300   		.ascii	"r3\000"
 430 0114 05       		.byte	0x5
 431 0115 17       		.byte	0x17
 432 0116 81000000 		.4byte	0x81
 433 011a 06       		.byte	0x6
 434 011b 00       		.byte	0
 435 011c 02       		.uleb128 0x2
 436 011d 08       		.byte	0x8
 437 011e 04       		.byte	0x4
 438 011f 2B020000 		.4byte	.LASF19
 439 0123 0B       		.uleb128 0xb
 440 0124 26020000 		.4byte	.LASF39
 441 0128 01       		.byte	0x1
 442 0129 3F       		.byte	0x3f
 443 012a 73000000 		.4byte	0x73
 444 012e 00000000 		.4byte	.LFB63
 445 0132 9C000000 		.4byte	.LFE63-.LFB63
 446 0136 01       		.uleb128 0x1
 447 0137 9C       		.byte	0x9c
 448 0138 55020000 		.4byte	0x255
 449 013c 0C       		.uleb128 0xc
 450 013d AC020000 		.4byte	.LASF20
 451 0141 01       		.byte	0x1
 452 0142 42       		.byte	0x42
 453 0143 73000000 		.4byte	0x73
 454 0147 00000000 		.4byte	.LLST0
 455 014b 0D       		.uleb128 0xd
 456 014c 72656600 		.ascii	"ref\000"
 457 0150 01       		.byte	0x1
 458 0151 45       		.byte	0x45
 459 0152 E3000000 		.4byte	0xe3
 460 0156 02       		.uleb128 0x2
 461 0157 91       		.byte	0x91
 462 0158 68       		.sleb128 -24
 463 0159 0D       		.uleb128 0xd
ARM GAS  C:\Users\VILLEL~1\AppData\Local\Temp\ccyt9ZyE.s 			page 17


 464 015a 64696700 		.ascii	"dig\000"
 465 015e 01       		.byte	0x1
 466 015f 46       		.byte	0x46
 467 0160 E3000000 		.4byte	0xe3
 468 0164 02       		.uleb128 0x2
 469 0165 91       		.byte	0x91
 470 0166 60       		.sleb128 -32
 471 0167 0E       		.uleb128 0xe
 472 0168 0A000000 		.4byte	.LVL1
 473 016c 71030000 		.4byte	0x371
 474 0170 0E       		.uleb128 0xe
 475 0171 0E000000 		.4byte	.LVL2
 476 0175 78030000 		.4byte	0x378
 477 0179 0E       		.uleb128 0xe
 478 017a 12000000 		.4byte	.LVL3
 479 017e 7F030000 		.4byte	0x37f
 480 0182 0E       		.uleb128 0xe
 481 0183 18000000 		.4byte	.LVL4
 482 0187 8C030000 		.4byte	0x38c
 483 018b 0F       		.uleb128 0xf
 484 018c 28000000 		.4byte	.LVL5
 485 0190 9D030000 		.4byte	0x39d
 486 0194 B5010000 		.4byte	0x1b5
 487 0198 10       		.uleb128 0x10
 488 0199 01       		.uleb128 0x1
 489 019a 53       		.byte	0x53
 490 019b 03       		.uleb128 0x3
 491 019c 0A       		.byte	0xa
 492 019d 1027     		.2byte	0x2710
 493 019f 10       		.uleb128 0x10
 494 01a0 01       		.uleb128 0x1
 495 01a1 52       		.byte	0x52
 496 01a2 03       		.uleb128 0x3
 497 01a3 0A       		.byte	0xa
 498 01a4 8813     		.2byte	0x1388
 499 01a6 10       		.uleb128 0x10
 500 01a7 01       		.uleb128 0x1
 501 01a8 51       		.byte	0x51
 502 01a9 03       		.uleb128 0x3
 503 01aa 0A       		.byte	0xa
 504 01ab 8813     		.2byte	0x1388
 505 01ad 10       		.uleb128 0x10
 506 01ae 01       		.uleb128 0x1
 507 01af 50       		.byte	0x50
 508 01b0 03       		.uleb128 0x3
 509 01b1 0A       		.byte	0xa
 510 01b2 1027     		.2byte	0x2710
 511 01b4 00       		.byte	0
 512 01b5 0E       		.uleb128 0xe
 513 01b6 2C000000 		.4byte	.LVL6
 514 01ba BD030000 		.4byte	0x3bd
 515 01be 0F       		.uleb128 0xf
 516 01bf 32000000 		.4byte	.LVL7
 517 01c3 C4030000 		.4byte	0x3c4
 518 01c7 D1010000 		.4byte	0x1d1
 519 01cb 10       		.uleb128 0x10
 520 01cc 01       		.uleb128 0x1
ARM GAS  C:\Users\VILLEL~1\AppData\Local\Temp\ccyt9ZyE.s 			page 18


 521 01cd 50       		.byte	0x50
 522 01ce 01       		.uleb128 0x1
 523 01cf 31       		.byte	0x31
 524 01d0 00       		.byte	0
 525 01d1 0F       		.uleb128 0xf
 526 01d2 38000000 		.4byte	.LVL8
 527 01d6 D5030000 		.4byte	0x3d5
 528 01da E8010000 		.4byte	0x1e8
 529 01de 10       		.uleb128 0x10
 530 01df 01       		.uleb128 0x1
 531 01e0 50       		.byte	0x50
 532 01e1 05       		.uleb128 0x5
 533 01e2 03       		.byte	0x3
 534 01e3 00000000 		.4byte	.LC0
 535 01e7 00       		.byte	0
 536 01e8 0F       		.uleb128 0xf
 537 01e9 3E000000 		.4byte	.LVL9
 538 01ed EE030000 		.4byte	0x3ee
 539 01f1 FB010000 		.4byte	0x1fb
 540 01f5 10       		.uleb128 0x10
 541 01f6 01       		.uleb128 0x1
 542 01f7 50       		.byte	0x50
 543 01f8 01       		.uleb128 0x1
 544 01f9 30       		.byte	0x30
 545 01fa 00       		.byte	0
 546 01fb 0F       		.uleb128 0xf
 547 01fc 46000000 		.4byte	.LVL11
 548 0200 FF030000 		.4byte	0x3ff
 549 0204 0F020000 		.4byte	0x20f
 550 0208 10       		.uleb128 0x10
 551 0209 01       		.uleb128 0x1
 552 020a 50       		.byte	0x50
 553 020b 02       		.uleb128 0x2
 554 020c 91       		.byte	0x91
 555 020d 68       		.sleb128 -24
 556 020e 00       		.byte	0
 557 020f 0F       		.uleb128 0xf
 558 0210 60000000 		.4byte	.LVL12
 559 0214 16040000 		.4byte	0x416
 560 0218 23020000 		.4byte	0x223
 561 021c 10       		.uleb128 0x10
 562 021d 01       		.uleb128 0x1
 563 021e 50       		.byte	0x50
 564 021f 02       		.uleb128 0x2
 565 0220 75       		.byte	0x75
 566 0221 00       		.sleb128 0
 567 0222 00       		.byte	0
 568 0223 0F       		.uleb128 0xf
 569 0224 66000000 		.4byte	.LVL13
 570 0228 2C040000 		.4byte	0x42c
 571 022c 37020000 		.4byte	0x237
 572 0230 10       		.uleb128 0x10
 573 0231 01       		.uleb128 0x1
 574 0232 50       		.byte	0x50
 575 0233 02       		.uleb128 0x2
 576 0234 91       		.byte	0x91
 577 0235 60       		.sleb128 -32
ARM GAS  C:\Users\VILLEL~1\AppData\Local\Temp\ccyt9ZyE.s 			page 19


 578 0236 00       		.byte	0
 579 0237 0F       		.uleb128 0xf
 580 0238 7E000000 		.4byte	.LVL14
 581 023c 16040000 		.4byte	0x416
 582 0240 4B020000 		.4byte	0x24b
 583 0244 10       		.uleb128 0x10
 584 0245 01       		.uleb128 0x1
 585 0246 50       		.byte	0x50
 586 0247 02       		.uleb128 0x2
 587 0248 75       		.byte	0x75
 588 0249 00       		.sleb128 0
 589 024a 00       		.byte	0
 590 024b 0E       		.uleb128 0xe
 591 024c 8A000000 		.4byte	.LVL16
 592 0250 7F030000 		.4byte	0x37f
 593 0254 00       		.byte	0
 594 0255 11       		.uleb128 0x11
 595 0256 37020000 		.4byte	.LASF22
 596 025a 01       		.byte	0x1
 597 025b 9701     		.2byte	0x197
 598 025d 73000000 		.4byte	0x73
 599 0261 00000000 		.4byte	.LFB64
 600 0265 2A000000 		.4byte	.LFE64-.LFB64
 601 0269 01       		.uleb128 0x1
 602 026a 9C       		.byte	0x9c
 603 026b CA020000 		.4byte	0x2ca
 604 026f 12       		.uleb128 0x12
 605 0270 83000000 		.4byte	.LASF21
 606 0274 01       		.byte	0x1
 607 0275 9701     		.2byte	0x197
 608 0277 73000000 		.4byte	0x73
 609 027b 2B000000 		.4byte	.LLST1
 610 027f 13       		.uleb128 0x13
 611 0280 70747200 		.ascii	"ptr\000"
 612 0284 01       		.byte	0x1
 613 0285 9701     		.2byte	0x197
 614 0287 D2000000 		.4byte	0xd2
 615 028b 4C000000 		.4byte	.LLST2
 616 028f 13       		.uleb128 0x13
 617 0290 6C656E00 		.ascii	"len\000"
 618 0294 01       		.byte	0x1
 619 0295 9701     		.2byte	0x197
 620 0297 73000000 		.4byte	0x73
 621 029b 80000000 		.4byte	.LLST3
 622 029f 14       		.uleb128 0x14
 623 02a0 6E00     		.ascii	"n\000"
 624 02a2 01       		.byte	0x1
 625 02a3 9A01     		.2byte	0x19a
 626 02a5 73000000 		.4byte	0x73
 627 02a9 9E000000 		.4byte	.LLST4
 628 02ad 0F       		.uleb128 0xf
 629 02ae 16000000 		.4byte	.LVL20
 630 02b2 3D040000 		.4byte	0x43d
 631 02b6 C0020000 		.4byte	0x2c0
 632 02ba 10       		.uleb128 0x10
 633 02bb 01       		.uleb128 0x1
 634 02bc 50       		.byte	0x50
ARM GAS  C:\Users\VILLEL~1\AppData\Local\Temp\ccyt9ZyE.s 			page 20


 635 02bd 01       		.uleb128 0x1
 636 02be 3D       		.byte	0x3d
 637 02bf 00       		.byte	0
 638 02c0 0E       		.uleb128 0xe
 639 02c1 1E000000 		.4byte	.LVL22
 640 02c5 3D040000 		.4byte	0x43d
 641 02c9 00       		.byte	0
 642 02ca 11       		.uleb128 0x11
 643 02cb 77000000 		.4byte	.LASF23
 644 02cf 01       		.byte	0x1
 645 02d0 A201     		.2byte	0x1a2
 646 02d2 73000000 		.4byte	0x73
 647 02d6 00000000 		.4byte	.LFB65
 648 02da 38000000 		.4byte	.LFE65-.LFB65
 649 02de 01       		.uleb128 0x1
 650 02df 9C       		.byte	0x9c
 651 02e0 60030000 		.4byte	0x360
 652 02e4 12       		.uleb128 0x12
 653 02e5 83000000 		.4byte	.LASF21
 654 02e9 01       		.byte	0x1
 655 02ea A201     		.2byte	0x1a2
 656 02ec 73000000 		.4byte	0x73
 657 02f0 BD000000 		.4byte	.LLST5
 658 02f4 13       		.uleb128 0x13
 659 02f5 70747200 		.ascii	"ptr\000"
 660 02f9 01       		.byte	0x1
 661 02fa A201     		.2byte	0x1a2
 662 02fc D2000000 		.4byte	0xd2
 663 0300 DE000000 		.4byte	.LLST6
 664 0304 12       		.uleb128 0x12
 665 0305 79020000 		.4byte	.LASF24
 666 0309 01       		.byte	0x1
 667 030a A201     		.2byte	0x1a2
 668 030c 73000000 		.4byte	0x73
 669 0310 12010000 		.4byte	.LLST7
 670 0314 14       		.uleb128 0x14
 671 0315 63687300 		.ascii	"chs\000"
 672 0319 01       		.byte	0x1
 673 031a A401     		.2byte	0x1a4
 674 031c 73000000 		.4byte	0x73
 675 0320 30010000 		.4byte	.LLST8
 676 0324 14       		.uleb128 0x14
 677 0325 636800   		.ascii	"ch\000"
 678 0328 01       		.byte	0x1
 679 0329 A501     		.2byte	0x1a5
 680 032b B1000000 		.4byte	0xb1
 681 032f 4F010000 		.4byte	.LLST9
 682 0333 0E       		.uleb128 0xe
 683 0334 0E000000 		.4byte	.LVL28
 684 0338 4E040000 		.4byte	0x44e
 685 033c 0F       		.uleb128 0xf
 686 033d 16000000 		.4byte	.LVL29
 687 0341 3D040000 		.4byte	0x43d
 688 0345 50030000 		.4byte	0x350
 689 0349 10       		.uleb128 0x10
 690 034a 01       		.uleb128 0x1
 691 034b 50       		.byte	0x50
ARM GAS  C:\Users\VILLEL~1\AppData\Local\Temp\ccyt9ZyE.s 			page 21


 692 034c 02       		.uleb128 0x2
 693 034d 75       		.byte	0x75
 694 034e 00       		.sleb128 0
 695 034f 00       		.byte	0
 696 0350 15       		.uleb128 0x15
 697 0351 22000000 		.4byte	.LVL32
 698 0355 3D040000 		.4byte	0x43d
 699 0359 10       		.uleb128 0x10
 700 035a 01       		.uleb128 0x1
 701 035b 50       		.byte	0x50
 702 035c 01       		.uleb128 0x1
 703 035d 3A       		.byte	0x3a
 704 035e 00       		.byte	0
 705 035f 00       		.byte	0
 706 0360 16       		.uleb128 0x16
 707 0361 CB000000 		.4byte	.LASF40
 708 0365 0B       		.byte	0xb
 709 0366 9606     		.2byte	0x696
 710 0368 6C030000 		.4byte	0x36c
 711 036c 17       		.uleb128 0x17
 712 036d 8C000000 		.4byte	0x8c
 713 0371 18       		.uleb128 0x18
 714 0372 D1020000 		.4byte	.LASF25
 715 0376 06       		.byte	0x6
 716 0377 54       		.byte	0x54
 717 0378 18       		.uleb128 0x18
 718 0379 24000000 		.4byte	.LASF26
 719 037d 07       		.byte	0x7
 720 037e 34       		.byte	0x34
 721 037f 19       		.uleb128 0x19
 722 0380 BB000000 		.4byte	.LASF41
 723 0384 01       		.byte	0x1
 724 0385 2F       		.byte	0x2f
 725 0386 8C030000 		.4byte	0x38c
 726 038a 1A       		.uleb128 0x1a
 727 038b 00       		.byte	0
 728 038c 1B       		.uleb128 0x1b
 729 038d 88000000 		.4byte	.LASF27
 730 0391 08       		.byte	0x8
 731 0392 18       		.byte	0x18
 732 0393 9D030000 		.4byte	0x39d
 733 0397 1C       		.uleb128 0x1c
 734 0398 B8000000 		.4byte	0xb8
 735 039c 00       		.byte	0
 736 039d 1B       		.uleb128 0x1b
 737 039e 3E010000 		.4byte	.LASF28
 738 03a2 01       		.byte	0x1
 739 03a3 34       		.byte	0x34
 740 03a4 BD030000 		.4byte	0x3bd
 741 03a8 1C       		.uleb128 0x1c
 742 03a9 81000000 		.4byte	0x81
 743 03ad 1C       		.uleb128 0x1c
 744 03ae 81000000 		.4byte	0x81
 745 03b2 1C       		.uleb128 0x1c
 746 03b3 81000000 		.4byte	0x81
 747 03b7 1C       		.uleb128 0x1c
 748 03b8 81000000 		.4byte	0x81
ARM GAS  C:\Users\VILLEL~1\AppData\Local\Temp\ccyt9ZyE.s 			page 22


 749 03bc 00       		.byte	0
 750 03bd 18       		.uleb128 0x18
 751 03be 5D000000 		.4byte	.LASF29
 752 03c2 05       		.byte	0x5
 753 03c3 1A       		.byte	0x1a
 754 03c4 1B       		.uleb128 0x1b
 755 03c5 D8000000 		.4byte	.LASF30
 756 03c9 09       		.byte	0x9
 757 03ca 26       		.byte	0x26
 758 03cb D5030000 		.4byte	0x3d5
 759 03cf 1C       		.uleb128 0x1c
 760 03d0 97000000 		.4byte	0x97
 761 03d4 00       		.byte	0
 762 03d5 1D       		.uleb128 0x1d
 763 03d6 B3020000 		.4byte	.LASF42
 764 03da 0C       		.byte	0xc
 765 03db 00       		.byte	0
 766 03dc 9B020000 		.4byte	.LASF43
 767 03e0 73000000 		.4byte	0x73
 768 03e4 EE030000 		.4byte	0x3ee
 769 03e8 1C       		.uleb128 0x1c
 770 03e9 D8000000 		.4byte	0xd8
 771 03ed 00       		.byte	0
 772 03ee 1B       		.uleb128 0x1b
 773 03ef 55020000 		.4byte	.LASF31
 774 03f3 0A       		.byte	0xa
 775 03f4 26       		.byte	0x26
 776 03f5 FF030000 		.4byte	0x3ff
 777 03f9 1C       		.uleb128 0x1c
 778 03fa 97000000 		.4byte	0x97
 779 03fe 00       		.byte	0
 780 03ff 1B       		.uleb128 0x1b
 781 0400 09000000 		.4byte	.LASF32
 782 0404 05       		.byte	0x5
 783 0405 1B       		.byte	0x1b
 784 0406 10040000 		.4byte	0x410
 785 040a 1C       		.uleb128 0x1c
 786 040b 10040000 		.4byte	0x410
 787 040f 00       		.byte	0
 788 0410 06       		.uleb128 0x6
 789 0411 04       		.byte	0x4
 790 0412 E3000000 		.4byte	0xe3
 791 0416 1E       		.uleb128 0x1e
 792 0417 72020000 		.4byte	.LASF44
 793 041b 0D       		.byte	0xd
 794 041c B2       		.byte	0xb2
 795 041d 73000000 		.4byte	0x73
 796 0421 2C040000 		.4byte	0x42c
 797 0425 1C       		.uleb128 0x1c
 798 0426 D8000000 		.4byte	0xd8
 799 042a 1A       		.uleb128 0x1a
 800 042b 00       		.byte	0
 801 042c 1B       		.uleb128 0x1b
 802 042d 49000000 		.4byte	.LASF33
 803 0431 05       		.byte	0x5
 804 0432 1C       		.byte	0x1c
 805 0433 3D040000 		.4byte	0x43d
ARM GAS  C:\Users\VILLEL~1\AppData\Local\Temp\ccyt9ZyE.s 			page 23


 806 0437 1C       		.uleb128 0x1c
 807 0438 10040000 		.4byte	0x410
 808 043c 00       		.byte	0
 809 043d 1B       		.uleb128 0x1b
 810 043e 58010000 		.4byte	.LASF34
 811 0442 06       		.byte	0x6
 812 0443 8A       		.byte	0x8a
 813 0444 4E040000 		.4byte	0x44e
 814 0448 1C       		.uleb128 0x1c
 815 0449 97000000 		.4byte	0x97
 816 044d 00       		.byte	0
 817 044e 1F       		.uleb128 0x1f
 818 044f C2020000 		.4byte	.LASF45
 819 0453 06       		.byte	0x6
 820 0454 71       		.byte	0x71
 821 0455 97000000 		.4byte	0x97
 822 0459 00       		.byte	0
 823              		.section	.debug_abbrev,"",%progbits
 824              	.Ldebug_abbrev0:
 825 0000 01       		.uleb128 0x1
 826 0001 11       		.uleb128 0x11
 827 0002 01       		.byte	0x1
 828 0003 25       		.uleb128 0x25
 829 0004 0E       		.uleb128 0xe
 830 0005 13       		.uleb128 0x13
 831 0006 0B       		.uleb128 0xb
 832 0007 03       		.uleb128 0x3
 833 0008 0E       		.uleb128 0xe
 834 0009 1B       		.uleb128 0x1b
 835 000a 0E       		.uleb128 0xe
 836 000b 55       		.uleb128 0x55
 837 000c 17       		.uleb128 0x17
 838 000d 11       		.uleb128 0x11
 839 000e 01       		.uleb128 0x1
 840 000f 10       		.uleb128 0x10
 841 0010 17       		.uleb128 0x17
 842 0011 00       		.byte	0
 843 0012 00       		.byte	0
 844 0013 02       		.uleb128 0x2
 845 0014 24       		.uleb128 0x24
 846 0015 00       		.byte	0
 847 0016 0B       		.uleb128 0xb
 848 0017 0B       		.uleb128 0xb
 849 0018 3E       		.uleb128 0x3e
 850 0019 0B       		.uleb128 0xb
 851 001a 03       		.uleb128 0x3
 852 001b 0E       		.uleb128 0xe
 853 001c 00       		.byte	0
 854 001d 00       		.byte	0
 855 001e 03       		.uleb128 0x3
 856 001f 16       		.uleb128 0x16
 857 0020 00       		.byte	0
 858 0021 03       		.uleb128 0x3
 859 0022 0E       		.uleb128 0xe
 860 0023 3A       		.uleb128 0x3a
 861 0024 0B       		.uleb128 0xb
 862 0025 3B       		.uleb128 0x3b
ARM GAS  C:\Users\VILLEL~1\AppData\Local\Temp\ccyt9ZyE.s 			page 24


 863 0026 0B       		.uleb128 0xb
 864 0027 49       		.uleb128 0x49
 865 0028 13       		.uleb128 0x13
 866 0029 00       		.byte	0
 867 002a 00       		.byte	0
 868 002b 04       		.uleb128 0x4
 869 002c 24       		.uleb128 0x24
 870 002d 00       		.byte	0
 871 002e 0B       		.uleb128 0xb
 872 002f 0B       		.uleb128 0xb
 873 0030 3E       		.uleb128 0x3e
 874 0031 0B       		.uleb128 0xb
 875 0032 03       		.uleb128 0x3
 876 0033 08       		.uleb128 0x8
 877 0034 00       		.byte	0
 878 0035 00       		.byte	0
 879 0036 05       		.uleb128 0x5
 880 0037 16       		.uleb128 0x16
 881 0038 00       		.byte	0
 882 0039 03       		.uleb128 0x3
 883 003a 0E       		.uleb128 0xe
 884 003b 3A       		.uleb128 0x3a
 885 003c 0B       		.uleb128 0xb
 886 003d 3B       		.uleb128 0x3b
 887 003e 05       		.uleb128 0x5
 888 003f 49       		.uleb128 0x49
 889 0040 13       		.uleb128 0x13
 890 0041 00       		.byte	0
 891 0042 00       		.byte	0
 892 0043 06       		.uleb128 0x6
 893 0044 0F       		.uleb128 0xf
 894 0045 00       		.byte	0
 895 0046 0B       		.uleb128 0xb
 896 0047 0B       		.uleb128 0xb
 897 0048 49       		.uleb128 0x49
 898 0049 13       		.uleb128 0x13
 899 004a 00       		.byte	0
 900 004b 00       		.byte	0
 901 004c 07       		.uleb128 0x7
 902 004d 15       		.uleb128 0x15
 903 004e 00       		.byte	0
 904 004f 27       		.uleb128 0x27
 905 0050 19       		.uleb128 0x19
 906 0051 00       		.byte	0
 907 0052 00       		.byte	0
 908 0053 08       		.uleb128 0x8
 909 0054 26       		.uleb128 0x26
 910 0055 00       		.byte	0
 911 0056 49       		.uleb128 0x49
 912 0057 13       		.uleb128 0x13
 913 0058 00       		.byte	0
 914 0059 00       		.byte	0
 915 005a 09       		.uleb128 0x9
 916 005b 13       		.uleb128 0x13
 917 005c 01       		.byte	0x1
 918 005d 03       		.uleb128 0x3
 919 005e 0E       		.uleb128 0xe
ARM GAS  C:\Users\VILLEL~1\AppData\Local\Temp\ccyt9ZyE.s 			page 25


 920 005f 0B       		.uleb128 0xb
 921 0060 0B       		.uleb128 0xb
 922 0061 3A       		.uleb128 0x3a
 923 0062 0B       		.uleb128 0xb
 924 0063 3B       		.uleb128 0x3b
 925 0064 0B       		.uleb128 0xb
 926 0065 01       		.uleb128 0x1
 927 0066 13       		.uleb128 0x13
 928 0067 00       		.byte	0
 929 0068 00       		.byte	0
 930 0069 0A       		.uleb128 0xa
 931 006a 0D       		.uleb128 0xd
 932 006b 00       		.byte	0
 933 006c 03       		.uleb128 0x3
 934 006d 08       		.uleb128 0x8
 935 006e 3A       		.uleb128 0x3a
 936 006f 0B       		.uleb128 0xb
 937 0070 3B       		.uleb128 0x3b
 938 0071 0B       		.uleb128 0xb
 939 0072 49       		.uleb128 0x49
 940 0073 13       		.uleb128 0x13
 941 0074 38       		.uleb128 0x38
 942 0075 0B       		.uleb128 0xb
 943 0076 00       		.byte	0
 944 0077 00       		.byte	0
 945 0078 0B       		.uleb128 0xb
 946 0079 2E       		.uleb128 0x2e
 947 007a 01       		.byte	0x1
 948 007b 3F       		.uleb128 0x3f
 949 007c 19       		.uleb128 0x19
 950 007d 03       		.uleb128 0x3
 951 007e 0E       		.uleb128 0xe
 952 007f 3A       		.uleb128 0x3a
 953 0080 0B       		.uleb128 0xb
 954 0081 3B       		.uleb128 0x3b
 955 0082 0B       		.uleb128 0xb
 956 0083 49       		.uleb128 0x49
 957 0084 13       		.uleb128 0x13
 958 0085 11       		.uleb128 0x11
 959 0086 01       		.uleb128 0x1
 960 0087 12       		.uleb128 0x12
 961 0088 06       		.uleb128 0x6
 962 0089 40       		.uleb128 0x40
 963 008a 18       		.uleb128 0x18
 964 008b 9742     		.uleb128 0x2117
 965 008d 19       		.uleb128 0x19
 966 008e 01       		.uleb128 0x1
 967 008f 13       		.uleb128 0x13
 968 0090 00       		.byte	0
 969 0091 00       		.byte	0
 970 0092 0C       		.uleb128 0xc
 971 0093 34       		.uleb128 0x34
 972 0094 00       		.byte	0
 973 0095 03       		.uleb128 0x3
 974 0096 0E       		.uleb128 0xe
 975 0097 3A       		.uleb128 0x3a
 976 0098 0B       		.uleb128 0xb
ARM GAS  C:\Users\VILLEL~1\AppData\Local\Temp\ccyt9ZyE.s 			page 26


 977 0099 3B       		.uleb128 0x3b
 978 009a 0B       		.uleb128 0xb
 979 009b 49       		.uleb128 0x49
 980 009c 13       		.uleb128 0x13
 981 009d 02       		.uleb128 0x2
 982 009e 17       		.uleb128 0x17
 983 009f 00       		.byte	0
 984 00a0 00       		.byte	0
 985 00a1 0D       		.uleb128 0xd
 986 00a2 34       		.uleb128 0x34
 987 00a3 00       		.byte	0
 988 00a4 03       		.uleb128 0x3
 989 00a5 08       		.uleb128 0x8
 990 00a6 3A       		.uleb128 0x3a
 991 00a7 0B       		.uleb128 0xb
 992 00a8 3B       		.uleb128 0x3b
 993 00a9 0B       		.uleb128 0xb
 994 00aa 49       		.uleb128 0x49
 995 00ab 13       		.uleb128 0x13
 996 00ac 02       		.uleb128 0x2
 997 00ad 18       		.uleb128 0x18
 998 00ae 00       		.byte	0
 999 00af 00       		.byte	0
 1000 00b0 0E       		.uleb128 0xe
 1001 00b1 898201   		.uleb128 0x4109
 1002 00b4 00       		.byte	0
 1003 00b5 11       		.uleb128 0x11
 1004 00b6 01       		.uleb128 0x1
 1005 00b7 31       		.uleb128 0x31
 1006 00b8 13       		.uleb128 0x13
 1007 00b9 00       		.byte	0
 1008 00ba 00       		.byte	0
 1009 00bb 0F       		.uleb128 0xf
 1010 00bc 898201   		.uleb128 0x4109
 1011 00bf 01       		.byte	0x1
 1012 00c0 11       		.uleb128 0x11
 1013 00c1 01       		.uleb128 0x1
 1014 00c2 31       		.uleb128 0x31
 1015 00c3 13       		.uleb128 0x13
 1016 00c4 01       		.uleb128 0x1
 1017 00c5 13       		.uleb128 0x13
 1018 00c6 00       		.byte	0
 1019 00c7 00       		.byte	0
 1020 00c8 10       		.uleb128 0x10
 1021 00c9 8A8201   		.uleb128 0x410a
 1022 00cc 00       		.byte	0
 1023 00cd 02       		.uleb128 0x2
 1024 00ce 18       		.uleb128 0x18
 1025 00cf 9142     		.uleb128 0x2111
 1026 00d1 18       		.uleb128 0x18
 1027 00d2 00       		.byte	0
 1028 00d3 00       		.byte	0
 1029 00d4 11       		.uleb128 0x11
 1030 00d5 2E       		.uleb128 0x2e
 1031 00d6 01       		.byte	0x1
 1032 00d7 3F       		.uleb128 0x3f
 1033 00d8 19       		.uleb128 0x19
ARM GAS  C:\Users\VILLEL~1\AppData\Local\Temp\ccyt9ZyE.s 			page 27


 1034 00d9 03       		.uleb128 0x3
 1035 00da 0E       		.uleb128 0xe
 1036 00db 3A       		.uleb128 0x3a
 1037 00dc 0B       		.uleb128 0xb
 1038 00dd 3B       		.uleb128 0x3b
 1039 00de 05       		.uleb128 0x5
 1040 00df 27       		.uleb128 0x27
 1041 00e0 19       		.uleb128 0x19
 1042 00e1 49       		.uleb128 0x49
 1043 00e2 13       		.uleb128 0x13
 1044 00e3 11       		.uleb128 0x11
 1045 00e4 01       		.uleb128 0x1
 1046 00e5 12       		.uleb128 0x12
 1047 00e6 06       		.uleb128 0x6
 1048 00e7 40       		.uleb128 0x40
 1049 00e8 18       		.uleb128 0x18
 1050 00e9 9742     		.uleb128 0x2117
 1051 00eb 19       		.uleb128 0x19
 1052 00ec 01       		.uleb128 0x1
 1053 00ed 13       		.uleb128 0x13
 1054 00ee 00       		.byte	0
 1055 00ef 00       		.byte	0
 1056 00f0 12       		.uleb128 0x12
 1057 00f1 05       		.uleb128 0x5
 1058 00f2 00       		.byte	0
 1059 00f3 03       		.uleb128 0x3
 1060 00f4 0E       		.uleb128 0xe
 1061 00f5 3A       		.uleb128 0x3a
 1062 00f6 0B       		.uleb128 0xb
 1063 00f7 3B       		.uleb128 0x3b
 1064 00f8 05       		.uleb128 0x5
 1065 00f9 49       		.uleb128 0x49
 1066 00fa 13       		.uleb128 0x13
 1067 00fb 02       		.uleb128 0x2
 1068 00fc 17       		.uleb128 0x17
 1069 00fd 00       		.byte	0
 1070 00fe 00       		.byte	0
 1071 00ff 13       		.uleb128 0x13
 1072 0100 05       		.uleb128 0x5
 1073 0101 00       		.byte	0
 1074 0102 03       		.uleb128 0x3
 1075 0103 08       		.uleb128 0x8
 1076 0104 3A       		.uleb128 0x3a
 1077 0105 0B       		.uleb128 0xb
 1078 0106 3B       		.uleb128 0x3b
 1079 0107 05       		.uleb128 0x5
 1080 0108 49       		.uleb128 0x49
 1081 0109 13       		.uleb128 0x13
 1082 010a 02       		.uleb128 0x2
 1083 010b 17       		.uleb128 0x17
 1084 010c 00       		.byte	0
 1085 010d 00       		.byte	0
 1086 010e 14       		.uleb128 0x14
 1087 010f 34       		.uleb128 0x34
 1088 0110 00       		.byte	0
 1089 0111 03       		.uleb128 0x3
 1090 0112 08       		.uleb128 0x8
ARM GAS  C:\Users\VILLEL~1\AppData\Local\Temp\ccyt9ZyE.s 			page 28


 1091 0113 3A       		.uleb128 0x3a
 1092 0114 0B       		.uleb128 0xb
 1093 0115 3B       		.uleb128 0x3b
 1094 0116 05       		.uleb128 0x5
 1095 0117 49       		.uleb128 0x49
 1096 0118 13       		.uleb128 0x13
 1097 0119 02       		.uleb128 0x2
 1098 011a 17       		.uleb128 0x17
 1099 011b 00       		.byte	0
 1100 011c 00       		.byte	0
 1101 011d 15       		.uleb128 0x15
 1102 011e 898201   		.uleb128 0x4109
 1103 0121 01       		.byte	0x1
 1104 0122 11       		.uleb128 0x11
 1105 0123 01       		.uleb128 0x1
 1106 0124 31       		.uleb128 0x31
 1107 0125 13       		.uleb128 0x13
 1108 0126 00       		.byte	0
 1109 0127 00       		.byte	0
 1110 0128 16       		.uleb128 0x16
 1111 0129 34       		.uleb128 0x34
 1112 012a 00       		.byte	0
 1113 012b 03       		.uleb128 0x3
 1114 012c 0E       		.uleb128 0xe
 1115 012d 3A       		.uleb128 0x3a
 1116 012e 0B       		.uleb128 0xb
 1117 012f 3B       		.uleb128 0x3b
 1118 0130 05       		.uleb128 0x5
 1119 0131 49       		.uleb128 0x49
 1120 0132 13       		.uleb128 0x13
 1121 0133 3F       		.uleb128 0x3f
 1122 0134 19       		.uleb128 0x19
 1123 0135 3C       		.uleb128 0x3c
 1124 0136 19       		.uleb128 0x19
 1125 0137 00       		.byte	0
 1126 0138 00       		.byte	0
 1127 0139 17       		.uleb128 0x17
 1128 013a 35       		.uleb128 0x35
 1129 013b 00       		.byte	0
 1130 013c 49       		.uleb128 0x49
 1131 013d 13       		.uleb128 0x13
 1132 013e 00       		.byte	0
 1133 013f 00       		.byte	0
 1134 0140 18       		.uleb128 0x18
 1135 0141 2E       		.uleb128 0x2e
 1136 0142 00       		.byte	0
 1137 0143 3F       		.uleb128 0x3f
 1138 0144 19       		.uleb128 0x19
 1139 0145 03       		.uleb128 0x3
 1140 0146 0E       		.uleb128 0xe
 1141 0147 3A       		.uleb128 0x3a
 1142 0148 0B       		.uleb128 0xb
 1143 0149 3B       		.uleb128 0x3b
 1144 014a 0B       		.uleb128 0xb
 1145 014b 27       		.uleb128 0x27
 1146 014c 19       		.uleb128 0x19
 1147 014d 3C       		.uleb128 0x3c
ARM GAS  C:\Users\VILLEL~1\AppData\Local\Temp\ccyt9ZyE.s 			page 29


 1148 014e 19       		.uleb128 0x19
 1149 014f 00       		.byte	0
 1150 0150 00       		.byte	0
 1151 0151 19       		.uleb128 0x19
 1152 0152 2E       		.uleb128 0x2e
 1153 0153 01       		.byte	0x1
 1154 0154 3F       		.uleb128 0x3f
 1155 0155 19       		.uleb128 0x19
 1156 0156 03       		.uleb128 0x3
 1157 0157 0E       		.uleb128 0xe
 1158 0158 3A       		.uleb128 0x3a
 1159 0159 0B       		.uleb128 0xb
 1160 015a 3B       		.uleb128 0x3b
 1161 015b 0B       		.uleb128 0xb
 1162 015c 3C       		.uleb128 0x3c
 1163 015d 19       		.uleb128 0x19
 1164 015e 01       		.uleb128 0x1
 1165 015f 13       		.uleb128 0x13
 1166 0160 00       		.byte	0
 1167 0161 00       		.byte	0
 1168 0162 1A       		.uleb128 0x1a
 1169 0163 18       		.uleb128 0x18
 1170 0164 00       		.byte	0
 1171 0165 00       		.byte	0
 1172 0166 00       		.byte	0
 1173 0167 1B       		.uleb128 0x1b
 1174 0168 2E       		.uleb128 0x2e
 1175 0169 01       		.byte	0x1
 1176 016a 3F       		.uleb128 0x3f
 1177 016b 19       		.uleb128 0x19
 1178 016c 03       		.uleb128 0x3
 1179 016d 0E       		.uleb128 0xe
 1180 016e 3A       		.uleb128 0x3a
 1181 016f 0B       		.uleb128 0xb
 1182 0170 3B       		.uleb128 0x3b
 1183 0171 0B       		.uleb128 0xb
 1184 0172 27       		.uleb128 0x27
 1185 0173 19       		.uleb128 0x19
 1186 0174 3C       		.uleb128 0x3c
 1187 0175 19       		.uleb128 0x19
 1188 0176 01       		.uleb128 0x1
 1189 0177 13       		.uleb128 0x13
 1190 0178 00       		.byte	0
 1191 0179 00       		.byte	0
 1192 017a 1C       		.uleb128 0x1c
 1193 017b 05       		.uleb128 0x5
 1194 017c 00       		.byte	0
 1195 017d 49       		.uleb128 0x49
 1196 017e 13       		.uleb128 0x13
 1197 017f 00       		.byte	0
 1198 0180 00       		.byte	0
 1199 0181 1D       		.uleb128 0x1d
 1200 0182 2E       		.uleb128 0x2e
 1201 0183 01       		.byte	0x1
 1202 0184 3F       		.uleb128 0x3f
 1203 0185 19       		.uleb128 0x19
 1204 0186 03       		.uleb128 0x3
ARM GAS  C:\Users\VILLEL~1\AppData\Local\Temp\ccyt9ZyE.s 			page 30


 1205 0187 0E       		.uleb128 0xe
 1206 0188 3A       		.uleb128 0x3a
 1207 0189 0B       		.uleb128 0xb
 1208 018a 3B       		.uleb128 0x3b
 1209 018b 0B       		.uleb128 0xb
 1210 018c 6E       		.uleb128 0x6e
 1211 018d 0E       		.uleb128 0xe
 1212 018e 27       		.uleb128 0x27
 1213 018f 19       		.uleb128 0x19
 1214 0190 49       		.uleb128 0x49
 1215 0191 13       		.uleb128 0x13
 1216 0192 3C       		.uleb128 0x3c
 1217 0193 19       		.uleb128 0x19
 1218 0194 01       		.uleb128 0x1
 1219 0195 13       		.uleb128 0x13
 1220 0196 00       		.byte	0
 1221 0197 00       		.byte	0
 1222 0198 1E       		.uleb128 0x1e
 1223 0199 2E       		.uleb128 0x2e
 1224 019a 01       		.byte	0x1
 1225 019b 3F       		.uleb128 0x3f
 1226 019c 19       		.uleb128 0x19
 1227 019d 03       		.uleb128 0x3
 1228 019e 0E       		.uleb128 0xe
 1229 019f 3A       		.uleb128 0x3a
 1230 01a0 0B       		.uleb128 0xb
 1231 01a1 3B       		.uleb128 0x3b
 1232 01a2 0B       		.uleb128 0xb
 1233 01a3 27       		.uleb128 0x27
 1234 01a4 19       		.uleb128 0x19
 1235 01a5 49       		.uleb128 0x49
 1236 01a6 13       		.uleb128 0x13
 1237 01a7 3C       		.uleb128 0x3c
 1238 01a8 19       		.uleb128 0x19
 1239 01a9 01       		.uleb128 0x1
 1240 01aa 13       		.uleb128 0x13
 1241 01ab 00       		.byte	0
 1242 01ac 00       		.byte	0
 1243 01ad 1F       		.uleb128 0x1f
 1244 01ae 2E       		.uleb128 0x2e
 1245 01af 00       		.byte	0
 1246 01b0 3F       		.uleb128 0x3f
 1247 01b1 19       		.uleb128 0x19
 1248 01b2 03       		.uleb128 0x3
 1249 01b3 0E       		.uleb128 0xe
 1250 01b4 3A       		.uleb128 0x3a
 1251 01b5 0B       		.uleb128 0xb
 1252 01b6 3B       		.uleb128 0x3b
 1253 01b7 0B       		.uleb128 0xb
 1254 01b8 27       		.uleb128 0x27
 1255 01b9 19       		.uleb128 0x19
 1256 01ba 49       		.uleb128 0x49
 1257 01bb 13       		.uleb128 0x13
 1258 01bc 3C       		.uleb128 0x3c
 1259 01bd 19       		.uleb128 0x19
 1260 01be 00       		.byte	0
 1261 01bf 00       		.byte	0
ARM GAS  C:\Users\VILLEL~1\AppData\Local\Temp\ccyt9ZyE.s 			page 31


 1262 01c0 00       		.byte	0
 1263              		.section	.debug_loc,"",%progbits
 1264              	.Ldebug_loc0:
 1265              	.LLST0:
 1266 0000 04000000 		.4byte	.LVL0
 1267 0004 40000000 		.4byte	.LVL10
 1268 0008 0200     		.2byte	0x2
 1269 000a 30       		.byte	0x30
 1270 000b 9F       		.byte	0x9f
 1271 000c 40000000 		.4byte	.LVL10
 1272 0010 8A000000 		.4byte	.LVL16
 1273 0014 0100     		.2byte	0x1
 1274 0016 54       		.byte	0x54
 1275 0017 8A000000 		.4byte	.LVL16
 1276 001b 9C000000 		.4byte	.LFE63
 1277 001f 0200     		.2byte	0x2
 1278 0021 30       		.byte	0x30
 1279 0022 9F       		.byte	0x9f
 1280 0023 00000000 		.4byte	0
 1281 0027 00000000 		.4byte	0
 1282              	.LLST1:
 1283 002b 00000000 		.4byte	.LVL17
 1284 002f 0A000000 		.4byte	.LVL19
 1285 0033 0100     		.2byte	0x1
 1286 0035 50       		.byte	0x50
 1287 0036 0A000000 		.4byte	.LVL19
 1288 003a 2A000000 		.4byte	.LFE64
 1289 003e 0400     		.2byte	0x4
 1290 0040 F3       		.byte	0xf3
 1291 0041 01       		.uleb128 0x1
 1292 0042 50       		.byte	0x50
 1293 0043 9F       		.byte	0x9f
 1294 0044 00000000 		.4byte	0
 1295 0048 00000000 		.4byte	0
 1296              	.LLST2:
 1297 004c 00000000 		.4byte	.LVL17
 1298 0050 0A000000 		.4byte	.LVL19
 1299 0054 0100     		.2byte	0x1
 1300 0056 51       		.byte	0x51
 1301 0057 0A000000 		.4byte	.LVL19
 1302 005b 18000000 		.4byte	.LVL21
 1303 005f 0100     		.2byte	0x1
 1304 0061 54       		.byte	0x54
 1305 0062 18000000 		.4byte	.LVL21
 1306 0066 22000000 		.4byte	.LVL24
 1307 006a 0100     		.2byte	0x1
 1308 006c 56       		.byte	0x56
 1309 006d 22000000 		.4byte	.LVL24
 1310 0071 2A000000 		.4byte	.LFE64
 1311 0075 0100     		.2byte	0x1
 1312 0077 54       		.byte	0x54
 1313 0078 00000000 		.4byte	0
 1314 007c 00000000 		.4byte	0
 1315              	.LLST3:
 1316 0080 00000000 		.4byte	.LVL17
 1317 0084 0A000000 		.4byte	.LVL19
 1318 0088 0100     		.2byte	0x1
ARM GAS  C:\Users\VILLEL~1\AppData\Local\Temp\ccyt9ZyE.s 			page 32


 1319 008a 52       		.byte	0x52
 1320 008b 0A000000 		.4byte	.LVL19
 1321 008f 2A000000 		.4byte	.LFE64
 1322 0093 0100     		.2byte	0x1
 1323 0095 57       		.byte	0x57
 1324 0096 00000000 		.4byte	0
 1325 009a 00000000 		.4byte	0
 1326              	.LLST4:
 1327 009e 06000000 		.4byte	.LVL18
 1328 00a2 0A000000 		.4byte	.LVL19
 1329 00a6 0200     		.2byte	0x2
 1330 00a8 30       		.byte	0x30
 1331 00a9 9F       		.byte	0x9f
 1332 00aa 0A000000 		.4byte	.LVL19
 1333 00ae 2A000000 		.4byte	.LFE64
 1334 00b2 0100     		.2byte	0x1
 1335 00b4 55       		.byte	0x55
 1336 00b5 00000000 		.4byte	0
 1337 00b9 00000000 		.4byte	0
 1338              	.LLST5:
 1339 00bd 00000000 		.4byte	.LVL25
 1340 00c1 0A000000 		.4byte	.LVL27
 1341 00c5 0100     		.2byte	0x1
 1342 00c7 50       		.byte	0x50
 1343 00c8 0A000000 		.4byte	.LVL27
 1344 00cc 38000000 		.4byte	.LFE65
 1345 00d0 0400     		.2byte	0x4
 1346 00d2 F3       		.byte	0xf3
 1347 00d3 01       		.uleb128 0x1
 1348 00d4 50       		.byte	0x50
 1349 00d5 9F       		.byte	0x9f
 1350 00d6 00000000 		.4byte	0
 1351 00da 00000000 		.4byte	0
 1352              	.LLST6:
 1353 00de 00000000 		.4byte	.LVL25
 1354 00e2 0A000000 		.4byte	.LVL27
 1355 00e6 0100     		.2byte	0x1
 1356 00e8 51       		.byte	0x51
 1357 00e9 0A000000 		.4byte	.LVL27
 1358 00ed 26000000 		.4byte	.LVL34
 1359 00f1 0100     		.2byte	0x1
 1360 00f3 57       		.byte	0x57
 1361 00f4 26000000 		.4byte	.LVL34
 1362 00f8 30000000 		.4byte	.LVL36
 1363 00fc 0100     		.2byte	0x1
 1364 00fe 53       		.byte	0x53
 1365 00ff 30000000 		.4byte	.LVL36
 1366 0103 34000000 		.4byte	.LVL37
 1367 0107 0100     		.2byte	0x1
 1368 0109 57       		.byte	0x57
 1369 010a 00000000 		.4byte	0
 1370 010e 00000000 		.4byte	0
 1371              	.LLST7:
 1372 0112 00000000 		.4byte	.LVL25
 1373 0116 0A000000 		.4byte	.LVL27
 1374 011a 0100     		.2byte	0x1
 1375 011c 52       		.byte	0x52
ARM GAS  C:\Users\VILLEL~1\AppData\Local\Temp\ccyt9ZyE.s 			page 33


 1376 011d 0A000000 		.4byte	.LVL27
 1377 0121 38000000 		.4byte	.LFE65
 1378 0125 0100     		.2byte	0x1
 1379 0127 54       		.byte	0x54
 1380 0128 00000000 		.4byte	0
 1381 012c 00000000 		.4byte	0
 1382              	.LLST8:
 1383 0130 06000000 		.4byte	.LVL26
 1384 0134 0A000000 		.4byte	.LVL27
 1385 0138 0200     		.2byte	0x2
 1386 013a 30       		.byte	0x30
 1387 013b 9F       		.byte	0x9f
 1388 013c 0A000000 		.4byte	.LVL27
 1389 0140 38000000 		.4byte	.LFE65
 1390 0144 0100     		.2byte	0x1
 1391 0146 56       		.byte	0x56
 1392 0147 00000000 		.4byte	0
 1393 014b 00000000 		.4byte	0
 1394              	.LLST9:
 1395 014f 0E000000 		.4byte	.LVL28
 1396 0153 15000000 		.4byte	.LVL29-1
 1397 0157 0100     		.2byte	0x1
 1398 0159 50       		.byte	0x50
 1399 015a 1C000000 		.4byte	.LVL31
 1400 015e 24000000 		.4byte	.LVL33
 1401 0162 0200     		.2byte	0x2
 1402 0164 3A       		.byte	0x3a
 1403 0165 9F       		.byte	0x9f
 1404 0166 24000000 		.4byte	.LVL33
 1405 016a 30000000 		.4byte	.LVL36
 1406 016e 0100     		.2byte	0x1
 1407 0170 55       		.byte	0x55
 1408 0171 00000000 		.4byte	0
 1409 0175 00000000 		.4byte	0
 1410              		.section	.debug_aranges,"",%progbits
 1411 0000 2C000000 		.4byte	0x2c
 1412 0004 0200     		.2byte	0x2
 1413 0006 00000000 		.4byte	.Ldebug_info0
 1414 000a 04       		.byte	0x4
 1415 000b 00       		.byte	0
 1416 000c 0000     		.2byte	0
 1417 000e 0000     		.2byte	0
 1418 0010 00000000 		.4byte	.LFB63
 1419 0014 9C000000 		.4byte	.LFE63-.LFB63
 1420 0018 00000000 		.4byte	.LFB64
 1421 001c 2A000000 		.4byte	.LFE64-.LFB64
 1422 0020 00000000 		.4byte	.LFB65
 1423 0024 38000000 		.4byte	.LFE65-.LFB65
 1424 0028 00000000 		.4byte	0
 1425 002c 00000000 		.4byte	0
 1426              		.section	.debug_ranges,"",%progbits
 1427              	.Ldebug_ranges0:
 1428 0000 00000000 		.4byte	.LFB63
 1429 0004 9C000000 		.4byte	.LFE63
 1430 0008 00000000 		.4byte	.LFB64
 1431 000c 2A000000 		.4byte	.LFE64
 1432 0010 00000000 		.4byte	.LFB65
ARM GAS  C:\Users\VILLEL~1\AppData\Local\Temp\ccyt9ZyE.s 			page 34


 1433 0014 38000000 		.4byte	.LFE65
 1434 0018 00000000 		.4byte	0
 1435 001c 00000000 		.4byte	0
 1436              		.section	.debug_line,"",%progbits
 1437              	.Ldebug_line0:
 1438 0000 44020000 		.section	.debug_str,"MS",%progbits,1
 1438      0200C801 
 1438      00000201 
 1438      FB0E0D00 
 1438      01010101 
 1439              	.LASF38:
 1440 0000 73656E73 		.ascii	"sensors_\000"
 1440      6F72735F 
 1440      00
 1441              	.LASF32:
 1442 0009 7265666C 		.ascii	"reflectance_read\000"
 1442      65637461 
 1442      6E63655F 
 1442      72656164 
 1442      00
 1443              	.LASF5:
 1444 001a 5F5F696E 		.ascii	"__int32_t\000"
 1444      7433325F 
 1444      7400
 1445              	.LASF26:
 1446 0024 4144435F 		.ascii	"ADC_Battery_Start\000"
 1446      42617474 
 1446      6572795F 
 1446      53746172 
 1446      7400
 1447              	.LASF3:
 1448 0036 73686F72 		.ascii	"short unsigned int\000"
 1448      7420756E 
 1448      7369676E 
 1448      65642069 
 1448      6E7400
 1449              	.LASF33:
 1450 0049 7265666C 		.ascii	"reflectance_digital\000"
 1450      65637461 
 1450      6E63655F 
 1450      64696769 
 1450      74616C00 
 1451              	.LASF29:
 1452 005d 7265666C 		.ascii	"reflectance_start\000"
 1452      65637461 
 1452      6E63655F 
 1452      73746172 
 1452      7400
 1453              	.LASF12:
 1454 006f 696E7433 		.ascii	"int32_t\000"
 1454      325F7400 
 1455              	.LASF23:
 1456 0077 5F726561 		.ascii	"_read\000"
 1456      6400
 1457              	.LASF14:
 1458 007d 666C6F61 		.ascii	"float\000"
 1458      7400
ARM GAS  C:\Users\VILLEL~1\AppData\Local\Temp\ccyt9ZyE.s 			page 35


 1459              	.LASF21:
 1460 0083 66696C65 		.ascii	"file\000"
 1460      00
 1461              	.LASF27:
 1462 0088 73656E73 		.ascii	"sensor_isr_StartEx\000"
 1462      6F725F69 
 1462      73725F53 
 1462      74617274 
 1462      457800
 1463              	.LASF1:
 1464 009b 756E7369 		.ascii	"unsigned char\000"
 1464      676E6564 
 1464      20636861 
 1464      7200
 1465              	.LASF7:
 1466 00a9 6C6F6E67 		.ascii	"long unsigned int\000"
 1466      20756E73 
 1466      69676E65 
 1466      6420696E 
 1466      7400
 1467              	.LASF41:
 1468 00bb 4D656173 		.ascii	"Measure_Voltage\000"
 1468      7572655F 
 1468      566F6C74 
 1468      61676500 
 1469              	.LASF40:
 1470 00cb 49544D5F 		.ascii	"ITM_RxBuffer\000"
 1470      52784275 
 1470      66666572 
 1470      00
 1471              	.LASF30:
 1472 00d8 49525F6C 		.ascii	"IR_led_Write\000"
 1472      65645F57 
 1472      72697465 
 1472      00
 1473              	.LASF4:
 1474 00e5 5F5F7569 		.ascii	"__uint16_t\000"
 1474      6E743136 
 1474      5F7400
 1475              	.LASF15:
 1476 00f0 646F7562 		.ascii	"double\000"
 1476      6C6500
 1477              	.LASF13:
 1478 00f7 75696E74 		.ascii	"uint8\000"
 1478      3800
 1479              	.LASF37:
 1480 00fd 433A5C55 		.ascii	"C:\\Users\\Ville L\\Desktop\\Zumo_Robotti\\Zumo_Rob"
 1480      73657273 
 1480      5C56696C 
 1480      6C65204C 
 1480      5C446573 
 1481 012b 6F747469 		.ascii	"otti\\ZumoBot.cydsn\000"
 1481      5C5A756D 
 1481      6F426F74 
 1481      2E637964 
 1481      736E00
 1482              	.LASF28:
ARM GAS  C:\Users\VILLEL~1\AppData\Local\Temp\ccyt9ZyE.s 			page 36


 1483 013e 7265666C 		.ascii	"reflectance_set_threshold\000"
 1483      65637461 
 1483      6E63655F 
 1483      7365745F 
 1483      74687265 
 1484              	.LASF34:
 1485 0158 55415254 		.ascii	"UART_1_PutChar\000"
 1485      5F315F50 
 1485      75744368 
 1485      617200
 1486              	.LASF10:
 1487 0167 756E7369 		.ascii	"unsigned int\000"
 1487      676E6564 
 1487      20696E74 
 1487      00
 1488              	.LASF9:
 1489 0174 6C6F6E67 		.ascii	"long long unsigned int\000"
 1489      206C6F6E 
 1489      6720756E 
 1489      7369676E 
 1489      65642069 
 1490              	.LASF35:
 1491 018b 474E5520 		.ascii	"GNU C 4.9.3 20150303 (release) [ARM/embedded-4_9-br"
 1491      4320342E 
 1491      392E3320 
 1491      32303135 
 1491      30333033 
 1492 01be 616E6368 		.ascii	"anch revision 221220] -mcpu=cortex-m3 -mthumb -g -O"
 1492      20726576 
 1492      6973696F 
 1492      6E203232 
 1492      31323230 
 1493 01f1 67202D66 		.ascii	"g -ffunction-sections -ffat-lto-objects\000"
 1493      66756E63 
 1493      74696F6E 
 1493      2D736563 
 1493      74696F6E 
 1494              	.LASF17:
 1495 0219 63796973 		.ascii	"cyisraddress\000"
 1495      72616464 
 1495      72657373 
 1495      00
 1496              	.LASF39:
 1497 0226 6D61696E 		.ascii	"main\000"
 1497      00
 1498              	.LASF19:
 1499 022b 6C6F6E67 		.ascii	"long double\000"
 1499      20646F75 
 1499      626C6500 
 1500              	.LASF22:
 1501 0237 5F777269 		.ascii	"_write\000"
 1501      746500
 1502              	.LASF18:
 1503 023e 73697A65 		.ascii	"sizetype\000"
 1503      74797065 
 1503      00
 1504              	.LASF8:
ARM GAS  C:\Users\VILLEL~1\AppData\Local\Temp\ccyt9ZyE.s 			page 37


 1505 0247 6C6F6E67 		.ascii	"long long int\000"
 1505      206C6F6E 
 1505      6720696E 
 1505      7400
 1506              	.LASF31:
 1507 0255 42617474 		.ascii	"BatteryLed_Write\000"
 1507      6572794C 
 1507      65645F57 
 1507      72697465 
 1507      00
 1508              	.LASF36:
 1509 0266 6D61696E 		.ascii	"main.c\000"
 1509      2E6300
 1510              	.LASF16:
 1511 026d 63686172 		.ascii	"char\000"
 1511      00
 1512              	.LASF44:
 1513 0272 7072696E 		.ascii	"printf\000"
 1513      746600
 1514              	.LASF24:
 1515 0279 636F756E 		.ascii	"count\000"
 1515      7400
 1516              	.LASF2:
 1517 027f 73686F72 		.ascii	"short int\000"
 1517      7420696E 
 1517      7400
 1518              	.LASF11:
 1519 0289 75696E74 		.ascii	"uint16_t\000"
 1519      31365F74 
 1519      00
 1520              	.LASF6:
 1521 0292 6C6F6E67 		.ascii	"long int\000"
 1521      20696E74 
 1521      00
 1522              	.LASF43:
 1523 029b 70757473 		.ascii	"puts\000"
 1523      00
 1524              	.LASF0:
 1525 02a0 7369676E 		.ascii	"signed char\000"
 1525      65642063 
 1525      68617200 
 1526              	.LASF20:
 1527 02ac 6379636C 		.ascii	"cycles\000"
 1527      657300
 1528              	.LASF42:
 1529 02b3 5F5F6275 		.ascii	"__builtin_puts\000"
 1529      696C7469 
 1529      6E5F7075 
 1529      747300
 1530              	.LASF45:
 1531 02c2 55415254 		.ascii	"UART_1_GetChar\000"
 1531      5F315F47 
 1531      65744368 
 1531      617200
 1532              	.LASF25:
 1533 02d1 55415254 		.ascii	"UART_1_Start\000"
 1533      5F315F53 
ARM GAS  C:\Users\VILLEL~1\AppData\Local\Temp\ccyt9ZyE.s 			page 38


 1533      74617274 
 1533      00
 1534              		.ident	"GCC: (GNU Tools for ARM Embedded Processors) 4.9.3 20150303 (release) [ARM/embedded-4_9-br
